{"C:\\Projects\\it-kamasutra\\IT-BE\\Lesson001\\src\\settings.ts": {"path":"C:\\Projects\\it-kamasutra\\IT-BE\\Lesson001\\src\\settings.ts","statementMap":{"0":{"start":{"line":1,"column":0},"end":{"line":1,"column":28}},"1":{"start":{"line":3,"column":0},"end":{"line":3,"column":null}},"2":{"start":{"line":5,"column":13},"end":{"line":15,"column":null}}},"fnMap":{},"branchMap":{"0":{"loc":{"start":{"line":6,"column":13},"end":{"line":6,"column":92}},"type":"binary-expr","locations":[{"start":{"line":6,"column":13},"end":{"line":6,"column":36}},{"start":{"line":6,"column":40},"end":{"line":6,"column":92}}]},"1":{"loc":{"start":{"line":7,"column":17},"end":{"line":7,"column":56}},"type":"binary-expr","locations":[{"start":{"line":7,"column":17},"end":{"line":7,"column":41}},{"start":{"line":7,"column":45},"end":{"line":7,"column":56}}]},"2":{"loc":{"start":{"line":8,"column":14},"end":{"line":8,"column":45}},"type":"binary-expr","locations":[{"start":{"line":8,"column":14},"end":{"line":8,"column":36}},{"start":{"line":8,"column":40},"end":{"line":8,"column":45}}]},"3":{"loc":{"start":{"line":10,"column":24},"end":{"line":10,"column":61}},"type":"binary-expr","locations":[{"start":{"line":10,"column":24},"end":{"line":10,"column":56}},{"start":{"line":10,"column":60},"end":{"line":10,"column":61}}]},"4":{"loc":{"start":{"line":11,"column":14},"end":{"line":11,"column":42}},"type":"binary-expr","locations":[{"start":{"line":11,"column":14},"end":{"line":11,"column":36}},{"start":{"line":11,"column":40},"end":{"line":11,"column":42}}]}},"s":{"0":1,"1":1,"2":1},"f":{},"b":{"0":[1,1],"1":[1,1],"2":[1,1],"3":[1,1],"4":[1,1]}}
,"C:\\Projects\\it-kamasutra\\IT-BE\\Lesson001\\src\\adapters\\email-adapter.ts": {"path":"C:\\Projects\\it-kamasutra\\IT-BE\\Lesson001\\src\\adapters\\email-adapter.ts","statementMap":{"0":{"start":{"line":1,"column":0},"end":{"line":1,"column":26}},"1":{"start":{"line":2,"column":0},"end":{"line":2,"column":36}},"2":{"start":{"line":3,"column":0},"end":{"line":3,"column":37}},"3":{"start":{"line":4,"column":0},"end":{"line":4,"column":37}},"4":{"start":{"line":7,"column":7},"end":{"line":25,"column":null}},"5":{"start":{"line":9,"column":22},"end":{"line":15,"column":6}},"6":{"start":{"line":17,"column":15},"end":{"line":22,"column":6}},"7":{"start":{"line":23,"column":4},"end":{"line":23,"column":null}},"8":{"start":{"line":7,"column":13},"end":{"line":25,"column":null}},"9":{"start":{"line":7,"column":13},"end":{"line":7,"column":25}}},"fnMap":{"0":{"name":"(anonymous_9)","decl":{"start":{"line":8,"column":8},"end":{"line":8,"column":17}},"loc":{"start":{"line":8,"column":66},"end":{"line":24,"column":null}}}},"branchMap":{},"s":{"0":1,"1":1,"2":1,"3":1,"4":1,"5":0,"6":0,"7":0,"8":1,"9":1},"f":{"0":0},"b":{}}
,"C:\\Projects\\it-kamasutra\\IT-BE\\Lesson001\\src\\adapters\\email-message.ts": {"path":"C:\\Projects\\it-kamasutra\\IT-BE\\Lesson001\\src\\adapters\\email-message.ts","statementMap":{"0":{"start":{"line":1,"column":0},"end":{"line":1,"column":26}},"1":{"start":{"line":2,"column":0},"end":{"line":2,"column":37}},"2":{"start":{"line":6,"column":7},"end":{"line":10,"column":null}},"3":{"start":{"line":8,"column":4},"end":{"line":8,"column":null}},"4":{"start":{"line":6,"column":13},"end":{"line":10,"column":null}},"5":{"start":{"line":6,"column":13},"end":{"line":6,"column":25}}},"fnMap":{"0":{"name":"(anonymous_1)","decl":{"start":{"line":7,"column":2},"end":{"line":7,"column":12}},"loc":{"start":{"line":7,"column":38},"end":{"line":9,"column":3}}}},"branchMap":{},"s":{"0":1,"1":1,"2":1,"3":5,"4":1,"5":1},"f":{"0":5},"b":{}}
,"C:\\Projects\\it-kamasutra\\IT-BE\\Lesson001\\src\\application\\jwt-utility.ts": {"path":"C:\\Projects\\it-kamasutra\\IT-BE\\Lesson001\\src\\application\\jwt-utility.ts","statementMap":{"0":{"start":{"line":1,"column":0},"end":{"line":1,"column":26}},"1":{"start":{"line":3,"column":0},"end":{"line":3,"column":52}},"2":{"start":{"line":4,"column":0},"end":{"line":4,"column":37}},"3":{"start":{"line":5,"column":0},"end":{"line":5,"column":37}},"4":{"start":{"line":9,"column":7},"end":{"line":78,"column":null}},"5":{"start":{"line":15,"column":4},"end":{"line":15,"column":null}},"6":{"start":{"line":18,"column":4},"end":{"line":18,"column":null}},"7":{"start":{"line":21,"column":4},"end":{"line":26,"column":null}},"8":{"start":{"line":22,"column":21},"end":{"line":22,"column":73}},"9":{"start":{"line":23,"column":6},"end":{"line":23,"column":null}},"10":{"start":{"line":25,"column":6},"end":{"line":25,"column":null}},"11":{"start":{"line":29,"column":4},"end":{"line":51,"column":null}},"12":{"start":{"line":31,"column":21},"end":{"line":39,"column":40}},"13":{"start":{"line":32,"column":8},"end":{"line":34,"column":null}},"14":{"start":{"line":33,"column":10},"end":{"line":33,"column":41}},"15":{"start":{"line":35,"column":8},"end":{"line":37,"column":null}},"16":{"start":{"line":36,"column":10},"end":{"line":36,"column":22}},"17":{"start":{"line":38,"column":8},"end":{"line":38,"column":23}},"18":{"start":{"line":41,"column":6},"end":{"line":43,"column":null}},"19":{"start":{"line":42,"column":8},"end":{"line":42,"column":null}},"20":{"start":{"line":46,"column":6},"end":{"line":46,"column":50}},"21":{"start":{"line":50,"column":6},"end":{"line":50,"column":null}},"22":{"start":{"line":54,"column":4},"end":{"line":76,"column":null}},"23":{"start":{"line":56,"column":21},"end":{"line":64,"column":40}},"24":{"start":{"line":57,"column":8},"end":{"line":59,"column":null}},"25":{"start":{"line":58,"column":10},"end":{"line":58,"column":41}},"26":{"start":{"line":60,"column":8},"end":{"line":62,"column":null}},"27":{"start":{"line":61,"column":10},"end":{"line":61,"column":22}},"28":{"start":{"line":63,"column":8},"end":{"line":63,"column":23}},"29":{"start":{"line":66,"column":6},"end":{"line":68,"column":null}},"30":{"start":{"line":67,"column":8},"end":{"line":67,"column":null}},"31":{"start":{"line":71,"column":6},"end":{"line":71,"column":71}},"32":{"start":{"line":75,"column":6},"end":{"line":75,"column":null}},"33":{"start":{"line":9,"column":13},"end":{"line":78,"column":null}},"34":{"start":{"line":9,"column":13},"end":{"line":9,"column":23}}},"fnMap":{"0":{"name":"(anonymous_9)","decl":{"start":{"line":14,"column":8},"end":{"line":14,"column":17}},"loc":{"start":{"line":14,"column":63},"end":{"line":16,"column":null}}},"1":{"name":"(anonymous_11)","decl":{"start":{"line":17,"column":8},"end":{"line":17,"column":21}},"loc":{"start":{"line":17,"column":65},"end":{"line":19,"column":null}}},"2":{"name":"(anonymous_13)","decl":{"start":{"line":20,"column":8},"end":{"line":20,"column":30}},"loc":{"start":{"line":20,"column":44},"end":{"line":27,"column":null}}},"3":{"name":"(anonymous_15)","decl":{"start":{"line":28,"column":8},"end":{"line":28,"column":31}},"loc":{"start":{"line":28,"column":45},"end":{"line":52,"column":null}}},"4":{"name":"(anonymous_17)","decl":{"start":{"line":31,"column":66},"end":{"line":31,"column":67}},"loc":{"start":{"line":31,"column":85},"end":{"line":39,"column":7}}},"5":{"name":"(anonymous_18)","decl":{"start":{"line":53,"column":8},"end":{"line":53,"column":39}},"loc":{"start":{"line":53,"column":60},"end":{"line":77,"column":null}}},"6":{"name":"(anonymous_20)","decl":{"start":{"line":56,"column":73},"end":{"line":56,"column":74}},"loc":{"start":{"line":56,"column":92},"end":{"line":64,"column":7}}}},"branchMap":{"0":{"loc":{"start":{"line":14,"column":39},"end":{"line":14,"column":63}},"type":"default-arg","locations":[{"start":{"line":14,"column":59},"end":{"line":14,"column":63}}]},"1":{"loc":{"start":{"line":17,"column":41},"end":{"line":17,"column":65}},"type":"default-arg","locations":[{"start":{"line":17,"column":61},"end":{"line":17,"column":65}}]},"2":{"loc":{"start":{"line":32,"column":8},"end":{"line":34,"column":null}},"type":"if","locations":[{"start":{"line":32,"column":8},"end":{"line":34,"column":null}}]},"3":{"loc":{"start":{"line":35,"column":8},"end":{"line":37,"column":null}},"type":"if","locations":[{"start":{"line":35,"column":8},"end":{"line":37,"column":null}}]},"4":{"loc":{"start":{"line":35,"column":12},"end":{"line":35,"column":64}},"type":"binary-expr","locations":[{"start":{"line":35,"column":12},"end":{"line":35,"column":39}},{"start":{"line":35,"column":43},"end":{"line":35,"column":64}}]},"5":{"loc":{"start":{"line":41,"column":6},"end":{"line":43,"column":null}},"type":"if","locations":[{"start":{"line":41,"column":6},"end":{"line":43,"column":null}}]},"6":{"loc":{"start":{"line":57,"column":8},"end":{"line":59,"column":null}},"type":"if","locations":[{"start":{"line":57,"column":8},"end":{"line":59,"column":null}}]},"7":{"loc":{"start":{"line":60,"column":8},"end":{"line":62,"column":null}},"type":"if","locations":[{"start":{"line":60,"column":8},"end":{"line":62,"column":null}}]},"8":{"loc":{"start":{"line":60,"column":12},"end":{"line":60,"column":64}},"type":"binary-expr","locations":[{"start":{"line":60,"column":12},"end":{"line":60,"column":39}},{"start":{"line":60,"column":43},"end":{"line":60,"column":64}}]},"9":{"loc":{"start":{"line":66,"column":6},"end":{"line":68,"column":null}},"type":"if","locations":[{"start":{"line":66,"column":6},"end":{"line":68,"column":null}}]}},"s":{"0":1,"1":1,"2":1,"3":1,"4":1,"5":0,"6":2,"7":0,"8":0,"9":0,"10":0,"11":0,"12":0,"13":0,"14":0,"15":0,"16":0,"17":0,"18":0,"19":0,"20":0,"21":0,"22":0,"23":0,"24":0,"25":0,"26":0,"27":0,"28":0,"29":0,"30":0,"31":0,"32":0,"33":1,"34":1},"f":{"0":0,"1":2,"2":0,"3":0,"4":0,"5":0,"6":0},"b":{"0":[0],"1":[1],"2":[0],"3":[0],"4":[0,0],"5":[0],"6":[0],"7":[0],"8":[0,0],"9":[0]}}
,"C:\\Projects\\it-kamasutra\\IT-BE\\Lesson001\\src\\db\\types.ts": {"path":"C:\\Projects\\it-kamasutra\\IT-BE\\Lesson001\\src\\db\\types.ts","statementMap":{"0":{"start":{"line":6,"column":11},"end":{"line":6,"column":45}},"1":{"start":{"line":7,"column":11},"end":{"line":7,"column":29}},"2":{"start":{"line":8,"column":11},"end":{"line":8,"column":27}},"3":{"start":{"line":4,"column":0},"end":{"line":4,"column":13}},"4":{"start":{"line":14,"column":11},"end":{"line":14,"column":45}},"5":{"start":{"line":15,"column":11},"end":{"line":15,"column":23}},"6":{"start":{"line":16,"column":11},"end":{"line":16,"column":24}},"7":{"start":{"line":12,"column":0},"end":{"line":12,"column":13}},"8":{"start":{"line":21,"column":21},"end":{"line":21,"column":31}},"9":{"start":{"line":22,"column":21},"end":{"line":22,"column":34}},"10":{"start":{"line":23,"column":21},"end":{"line":23,"column":40}},"11":{"start":{"line":20,"column":0},"end":{"line":20,"column":13}},"12":{"start":{"line":31,"column":4},"end":{"line":31,"column":32}},"13":{"start":{"line":32,"column":4},"end":{"line":32,"column":19}},"14":{"start":{"line":27,"column":0},"end":{"line":27,"column":13}},"15":{"start":{"line":37,"column":21},"end":{"line":37,"column":39}},"16":{"start":{"line":38,"column":21},"end":{"line":38,"column":33}},"17":{"start":{"line":39,"column":21},"end":{"line":39,"column":37}},"18":{"start":{"line":40,"column":21},"end":{"line":40,"column":39}},"19":{"start":{"line":41,"column":21},"end":{"line":41,"column":36}},"20":{"start":{"line":36,"column":0},"end":{"line":36,"column":13}},"21":{"start":{"line":48,"column":11},"end":{"line":48,"column":29}},"22":{"start":{"line":49,"column":11},"end":{"line":49,"column":27}},"23":{"start":{"line":50,"column":11},"end":{"line":50,"column":29}},"24":{"start":{"line":46,"column":0},"end":{"line":46,"column":13}},"25":{"start":{"line":56,"column":11},"end":{"line":56,"column":40}},"26":{"start":{"line":57,"column":11},"end":{"line":57,"column":23}},"27":{"start":{"line":58,"column":11},"end":{"line":58,"column":24}},"28":{"start":{"line":54,"column":0},"end":{"line":54,"column":13}},"29":{"start":{"line":65,"column":11},"end":{"line":65,"column":24}},"30":{"start":{"line":66,"column":11},"end":{"line":66,"column":35}},"31":{"start":{"line":67,"column":11},"end":{"line":67,"column":26}},"32":{"start":{"line":68,"column":11},"end":{"line":68,"column":28}},"33":{"start":{"line":63,"column":0},"end":{"line":63,"column":13}},"34":{"start":{"line":82,"column":4},"end":{"line":82,"column":null}},"35":{"start":{"line":83,"column":4},"end":{"line":83,"column":17}},"36":{"start":{"line":72,"column":0},"end":{"line":72,"column":13}},"37":{"start":{"line":98,"column":4},"end":{"line":98,"column":null}},"38":{"start":{"line":99,"column":4},"end":{"line":99,"column":35}},"39":{"start":{"line":87,"column":0},"end":{"line":87,"column":13}},"40":{"start":{"line":115,"column":4},"end":{"line":115,"column":null}},"41":{"start":{"line":116,"column":4},"end":{"line":116,"column":27}},"42":{"start":{"line":103,"column":0},"end":{"line":103,"column":13}},"43":{"start":{"line":133,"column":4},"end":{"line":133,"column":81}},"44":{"start":{"line":134,"column":4},"end":{"line":134,"column":19}},"45":{"start":{"line":120,"column":0},"end":{"line":120,"column":13}},"46":{"start":{"line":151,"column":4},"end":{"line":151,"column":81}},"47":{"start":{"line":152,"column":4},"end":{"line":152,"column":47}},"48":{"start":{"line":138,"column":0},"end":{"line":138,"column":13}},"49":{"start":{"line":175,"column":21},"end":{"line":175,"column":31}},"50":{"start":{"line":176,"column":21},"end":{"line":176,"column":48}},"51":{"start":{"line":177,"column":21},"end":{"line":177,"column":37}},"52":{"start":{"line":178,"column":21},"end":{"line":178,"column":36}},"53":{"start":{"line":174,"column":0},"end":{"line":174,"column":13}},"54":{"start":{"line":193,"column":6},"end":{"line":193,"column":47}},"55":{"start":{"line":194,"column":6},"end":{"line":194,"column":21}},"56":{"start":{"line":183,"column":0},"end":{"line":183,"column":13}},"57":{"start":{"line":201,"column":11},"end":{"line":201,"column":24}},"58":{"start":{"line":202,"column":11},"end":{"line":202,"column":24}},"59":{"start":{"line":203,"column":11},"end":{"line":203,"column":27}},"60":{"start":{"line":199,"column":0},"end":{"line":199,"column":13}},"61":{"start":{"line":209,"column":11},"end":{"line":209,"column":36}},"62":{"start":{"line":210,"column":11},"end":{"line":210,"column":36}},"63":{"start":{"line":211,"column":11},"end":{"line":211,"column":27}},"64":{"start":{"line":207,"column":0},"end":{"line":207,"column":13}},"65":{"start":{"line":218,"column":11},"end":{"line":218,"column":21}},"66":{"start":{"line":219,"column":11},"end":{"line":219,"column":24}},"67":{"start":{"line":216,"column":0},"end":{"line":216,"column":13}},"68":{"start":{"line":227,"column":4},"end":{"line":227,"column":21}},"69":{"start":{"line":228,"column":4},"end":{"line":228,"column":23}},"70":{"start":{"line":223,"column":0},"end":{"line":223,"column":13}},"71":{"start":{"line":234,"column":11},"end":{"line":234,"column":24}},"72":{"start":{"line":235,"column":11},"end":{"line":235,"column":27}},"73":{"start":{"line":232,"column":0},"end":{"line":232,"column":13}},"74":{"start":{"line":242,"column":11},"end":{"line":242,"column":29}},"75":{"start":{"line":243,"column":11},"end":{"line":243,"column":27}},"76":{"start":{"line":240,"column":0},"end":{"line":240,"column":13}},"77":{"start":{"line":249,"column":21},"end":{"line":249,"column":40}},"78":{"start":{"line":248,"column":0},"end":{"line":248,"column":13}},"79":{"start":{"line":255,"column":11},"end":{"line":255,"column":29}},"80":{"start":{"line":256,"column":11},"end":{"line":256,"column":27}},"81":{"start":{"line":257,"column":11},"end":{"line":257,"column":25}},"82":{"start":{"line":253,"column":0},"end":{"line":253,"column":13}},"83":{"start":{"line":264,"column":11},"end":{"line":264,"column":23}},"84":{"start":{"line":265,"column":11},"end":{"line":265,"column":24}},"85":{"start":{"line":266,"column":11},"end":{"line":266,"column":25}},"86":{"start":{"line":262,"column":0},"end":{"line":262,"column":13}},"87":{"start":{"line":277,"column":11},"end":{"line":277,"column":21}},"88":{"start":{"line":278,"column":11},"end":{"line":278,"column":25}},"89":{"start":{"line":279,"column":11},"end":{"line":279,"column":26}},"90":{"start":{"line":280,"column":11},"end":{"line":280,"column":28}},"91":{"start":{"line":281,"column":11},"end":{"line":281,"column":24}},"92":{"start":{"line":275,"column":0},"end":{"line":275,"column":13}},"93":{"start":{"line":299,"column":4},"end":{"line":299,"column":51}},"94":{"start":{"line":301,"column":4},"end":{"line":301,"column":19}},"95":{"start":{"line":302,"column":4},"end":{"line":302,"column":25}},"96":{"start":{"line":286,"column":0},"end":{"line":286,"column":13}},"97":{"start":{"line":319,"column":4},"end":{"line":319,"column":51}},"98":{"start":{"line":320,"column":4},"end":{"line":320,"column":31}},"99":{"start":{"line":306,"column":0},"end":{"line":306,"column":13}},"100":{"start":{"line":337,"column":0},"end":{"line":337,"column":null}},"101":{"start":{"line":338,"column":2},"end":{"line":338,"column":null}},"102":{"start":{"line":339,"column":2},"end":{"line":339,"column":null}},"103":{"start":{"line":340,"column":2},"end":{"line":340,"column":null}},"104":{"start":{"line":341,"column":2},"end":{"line":341,"column":null}},"105":{"start":{"line":346,"column":11},"end":{"line":346,"column":28}},"106":{"start":{"line":347,"column":11},"end":{"line":347,"column":29}},"107":{"start":{"line":348,"column":11},"end":{"line":348,"column":32}},"108":{"start":{"line":349,"column":11},"end":{"line":349,"column":38}},"109":{"start":{"line":344,"column":0},"end":{"line":344,"column":13}},"110":{"start":{"line":363,"column":4},"end":{"line":363,"column":43}},"111":{"start":{"line":364,"column":4},"end":{"line":364,"column":19}},"112":{"start":{"line":354,"column":0},"end":{"line":354,"column":13}},"113":{"start":{"line":370,"column":21},"end":{"line":370,"column":33}},"114":{"start":{"line":371,"column":21},"end":{"line":371,"column":34}},"115":{"start":{"line":369,"column":0},"end":{"line":369,"column":13}},"116":{"start":{"line":377,"column":11},"end":{"line":377,"column":21}},"117":{"start":{"line":378,"column":11},"end":{"line":378,"column":31}},"118":{"start":{"line":375,"column":0},"end":{"line":375,"column":13}},"119":{"start":{"line":389,"column":4},"end":{"line":389,"column":28}},"120":{"start":{"line":390,"column":4},"end":{"line":390,"column":19}},"121":{"start":{"line":382,"column":0},"end":{"line":382,"column":13}},"122":{"start":{"line":394,"column":0},"end":{"line":394,"column":null}},"123":{"start":{"line":395,"column":2},"end":{"line":395,"column":null}},"124":{"start":{"line":396,"column":2},"end":{"line":396,"column":null}},"125":{"start":{"line":397,"column":2},"end":{"line":397,"column":null}},"126":{"start":{"line":402,"column":11},"end":{"line":402,"column":29}},"127":{"start":{"line":403,"column":11},"end":{"line":403,"column":32}},"128":{"start":{"line":404,"column":11},"end":{"line":404,"column":32}},"129":{"start":{"line":400,"column":0},"end":{"line":400,"column":13}},"130":{"start":{"line":411,"column":11},"end":{"line":411,"column":26}},"131":{"start":{"line":412,"column":11},"end":{"line":412,"column":32}},"132":{"start":{"line":413,"column":11},"end":{"line":413,"column":31}},"133":{"start":{"line":409,"column":0},"end":{"line":409,"column":13}},"134":{"start":{"line":424,"column":4},"end":{"line":424,"column":47}},"135":{"start":{"line":426,"column":4},"end":{"line":426,"column":35}},"136":{"start":{"line":417,"column":0},"end":{"line":417,"column":13}},"137":{"start":{"line":435,"column":11},"end":{"line":435,"column":21}},"138":{"start":{"line":436,"column":11},"end":{"line":436,"column":25}},"139":{"start":{"line":437,"column":11},"end":{"line":437,"column":32}},"140":{"start":{"line":438,"column":11},"end":{"line":438,"column":31}},"141":{"start":{"line":439,"column":11},"end":{"line":439,"column":34}},"142":{"start":{"line":440,"column":11},"end":{"line":440,"column":24}},"143":{"start":{"line":433,"column":0},"end":{"line":433,"column":13}},"144":{"start":{"line":457,"column":4},"end":{"line":457,"column":58}},"145":{"start":{"line":458,"column":4},"end":{"line":458,"column":null}},"146":{"start":{"line":445,"column":0},"end":{"line":445,"column":13}},"147":{"start":{"line":464,"column":11},"end":{"line":464,"column":21}},"148":{"start":{"line":465,"column":11},"end":{"line":465,"column":28}},"149":{"start":{"line":466,"column":11},"end":{"line":466,"column":32}},"150":{"start":{"line":467,"column":11},"end":{"line":467,"column":34}},"151":{"start":{"line":468,"column":11},"end":{"line":468,"column":24}},"152":{"start":{"line":462,"column":0},"end":{"line":462,"column":13}},"153":{"start":{"line":484,"column":4},"end":{"line":484,"column":null}},"154":{"start":{"line":485,"column":4},"end":{"line":485,"column":null}},"155":{"start":{"line":473,"column":0},"end":{"line":473,"column":13}}},"fnMap":{"0":{"name":"(anonymous_0)","decl":{"start":{"line":5,"column":2},"end":{"line":5,"column":null}},"loc":{"start":{"line":8,"column":27},"end":{"line":9,"column":3}}},"1":{"name":"(anonymous_1)","decl":{"start":{"line":13,"column":2},"end":{"line":13,"column":null}},"loc":{"start":{"line":16,"column":24},"end":{"line":17,"column":3}}},"2":{"name":"(anonymous_2)","decl":{"start":{"line":21,"column":2},"end":{"line":21,"column":21}},"loc":{"start":{"line":23,"column":40},"end":{"line":24,"column":3}}},"3":{"name":"(anonymous_3)","decl":{"start":{"line":30,"column":2},"end":{"line":30,"column":14}},"loc":{"start":{"line":30,"column":75},"end":{"line":33,"column":3}}},"4":{"name":"(anonymous_4)","decl":{"start":{"line":37,"column":2},"end":{"line":37,"column":21}},"loc":{"start":{"line":41,"column":36},"end":{"line":42,"column":3}}},"5":{"name":"(anonymous_5)","decl":{"start":{"line":47,"column":2},"end":{"line":47,"column":null}},"loc":{"start":{"line":50,"column":29},"end":{"line":51,"column":3}}},"6":{"name":"(anonymous_6)","decl":{"start":{"line":55,"column":2},"end":{"line":55,"column":null}},"loc":{"start":{"line":58,"column":24},"end":{"line":60,"column":3}}},"7":{"name":"(anonymous_7)","decl":{"start":{"line":64,"column":2},"end":{"line":64,"column":null}},"loc":{"start":{"line":68,"column":28},"end":{"line":69,"column":3}}},"8":{"name":"(anonymous_8)","decl":{"start":{"line":75,"column":2},"end":{"line":75,"column":null}},"loc":{"start":{"line":80,"column":21},"end":{"line":84,"column":3}}},"9":{"name":"(anonymous_9)","decl":{"start":{"line":90,"column":2},"end":{"line":90,"column":null}},"loc":{"start":{"line":96,"column":47},"end":{"line":100,"column":3}}},"10":{"name":"(anonymous_10)","decl":{"start":{"line":106,"column":2},"end":{"line":106,"column":null}},"loc":{"start":{"line":113,"column":19},"end":{"line":117,"column":3}}},"11":{"name":"(anonymous_11)","decl":{"start":{"line":123,"column":2},"end":{"line":123,"column":null}},"loc":{"start":{"line":131,"column":19},"end":{"line":135,"column":3}}},"12":{"name":"(anonymous_12)","decl":{"start":{"line":141,"column":2},"end":{"line":141,"column":null}},"loc":{"start":{"line":149,"column":48},"end":{"line":153,"column":3}}},"13":{"name":"(anonymous_13)","decl":{"start":{"line":175,"column":2},"end":{"line":175,"column":21}},"loc":{"start":{"line":178,"column":36},"end":{"line":180,"column":3}}},"14":{"name":"(anonymous_14)","decl":{"start":{"line":186,"column":2},"end":{"line":186,"column":14}},"loc":{"start":{"line":190,"column":29},"end":{"line":196,"column":3}}},"15":{"name":"(anonymous_15)","decl":{"start":{"line":200,"column":2},"end":{"line":200,"column":null}},"loc":{"start":{"line":203,"column":27},"end":{"line":204,"column":3}}},"16":{"name":"(anonymous_16)","decl":{"start":{"line":208,"column":2},"end":{"line":208,"column":null}},"loc":{"start":{"line":211,"column":27},"end":{"line":213,"column":3}}},"17":{"name":"(anonymous_17)","decl":{"start":{"line":217,"column":2},"end":{"line":217,"column":null}},"loc":{"start":{"line":219,"column":24},"end":{"line":220,"column":3}}},"18":{"name":"(anonymous_18)","decl":{"start":{"line":226,"column":2},"end":{"line":226,"column":14}},"loc":{"start":{"line":226,"column":54},"end":{"line":229,"column":3}}},"19":{"name":"(anonymous_19)","decl":{"start":{"line":233,"column":2},"end":{"line":233,"column":null}},"loc":{"start":{"line":235,"column":27},"end":{"line":237,"column":3}}},"20":{"name":"(anonymous_20)","decl":{"start":{"line":241,"column":2},"end":{"line":241,"column":null}},"loc":{"start":{"line":243,"column":27},"end":{"line":245,"column":3}}},"21":{"name":"(anonymous_21)","decl":{"start":{"line":249,"column":2},"end":{"line":249,"column":21}},"loc":{"start":{"line":249,"column":40},"end":{"line":250,"column":3}}},"22":{"name":"(anonymous_22)","decl":{"start":{"line":254,"column":2},"end":{"line":254,"column":null}},"loc":{"start":{"line":257,"column":25},"end":{"line":259,"column":3}}},"23":{"name":"(anonymous_23)","decl":{"start":{"line":263,"column":2},"end":{"line":263,"column":null}},"loc":{"start":{"line":266,"column":25},"end":{"line":268,"column":3}}},"24":{"name":"(anonymous_24)","decl":{"start":{"line":276,"column":2},"end":{"line":276,"column":null}},"loc":{"start":{"line":281,"column":24},"end":{"line":283,"column":3}}},"25":{"name":"(anonymous_25)","decl":{"start":{"line":290,"column":2},"end":{"line":290,"column":null}},"loc":{"start":{"line":297,"column":17},"end":{"line":303,"column":3}}},"26":{"name":"(anonymous_26)","decl":{"start":{"line":309,"column":2},"end":{"line":309,"column":null}},"loc":{"start":{"line":317,"column":28},"end":{"line":321,"column":3}}},"27":{"name":"(anonymous_27)","decl":{"start":{"line":337,"column":0},"end":{"line":337,"column":12}},"loc":{"start":{"line":337,"column":24},"end":{"line":342,"column":1}}},"28":{"name":"(anonymous_28)","decl":{"start":{"line":345,"column":2},"end":{"line":345,"column":null}},"loc":{"start":{"line":349,"column":38},"end":{"line":351,"column":3}}},"29":{"name":"(anonymous_29)","decl":{"start":{"line":357,"column":2},"end":{"line":357,"column":14}},"loc":{"start":{"line":361,"column":41},"end":{"line":365,"column":3}}},"30":{"name":"(anonymous_30)","decl":{"start":{"line":370,"column":2},"end":{"line":370,"column":21}},"loc":{"start":{"line":371,"column":34},"end":{"line":372,"column":3}}},"31":{"name":"(anonymous_31)","decl":{"start":{"line":376,"column":2},"end":{"line":376,"column":null}},"loc":{"start":{"line":378,"column":31},"end":{"line":379,"column":3}}},"32":{"name":"(anonymous_32)","decl":{"start":{"line":385,"column":2},"end":{"line":385,"column":null}},"loc":{"start":{"line":388,"column":24},"end":{"line":391,"column":3}}},"33":{"name":"(anonymous_33)","decl":{"start":{"line":394,"column":0},"end":{"line":394,"column":12}},"loc":{"start":{"line":394,"column":23},"end":{"line":398,"column":1}}},"34":{"name":"(anonymous_34)","decl":{"start":{"line":401,"column":2},"end":{"line":401,"column":null}},"loc":{"start":{"line":404,"column":32},"end":{"line":406,"column":3}}},"35":{"name":"(anonymous_35)","decl":{"start":{"line":410,"column":2},"end":{"line":410,"column":null}},"loc":{"start":{"line":413,"column":31},"end":{"line":414,"column":3}}},"36":{"name":"(anonymous_36)","decl":{"start":{"line":420,"column":2},"end":{"line":420,"column":14}},"loc":{"start":{"line":423,"column":57},"end":{"line":427,"column":3}}},"37":{"name":"(anonymous_37)","decl":{"start":{"line":434,"column":2},"end":{"line":434,"column":null}},"loc":{"start":{"line":440,"column":24},"end":{"line":442,"column":3}}},"38":{"name":"(anonymous_38)","decl":{"start":{"line":448,"column":2},"end":{"line":448,"column":null}},"loc":{"start":{"line":455,"column":17},"end":{"line":459,"column":3}}},"39":{"name":"(anonymous_39)","decl":{"start":{"line":463,"column":2},"end":{"line":463,"column":null}},"loc":{"start":{"line":468,"column":24},"end":{"line":470,"column":3}}},"40":{"name":"(anonymous_40)","decl":{"start":{"line":476,"column":2},"end":{"line":476,"column":null}},"loc":{"start":{"line":482,"column":17},"end":{"line":486,"column":3}}}},"branchMap":{"0":{"loc":{"start":{"line":96,"column":4},"end":{"line":96,"column":47}},"type":"default-arg","locations":[{"start":{"line":96,"column":38},"end":{"line":96,"column":47}}]},"1":{"loc":{"start":{"line":112,"column":4},"end":{"line":112,"column":47}},"type":"default-arg","locations":[{"start":{"line":112,"column":38},"end":{"line":112,"column":47}}]},"2":{"loc":{"start":{"line":130,"column":4},"end":{"line":130,"column":47}},"type":"default-arg","locations":[{"start":{"line":130,"column":38},"end":{"line":130,"column":47}}]},"3":{"loc":{"start":{"line":147,"column":4},"end":{"line":147,"column":47}},"type":"default-arg","locations":[{"start":{"line":147,"column":38},"end":{"line":147,"column":47}}]},"4":{"loc":{"start":{"line":337,"column":12},"end":{"line":337,"column":null}},"type":"binary-expr","locations":[{"start":{"line":337,"column":12},"end":{"line":337,"column":24}},{"start":{"line":337,"column":12},"end":{"line":337,"column":null}}]},"5":{"loc":{"start":{"line":394,"column":12},"end":{"line":394,"column":null}},"type":"binary-expr","locations":[{"start":{"line":394,"column":12},"end":{"line":394,"column":23}},{"start":{"line":394,"column":12},"end":{"line":394,"column":null}}]}},"s":{"0":0,"1":0,"2":0,"3":3,"4":2,"5":2,"6":2,"7":3,"8":0,"9":0,"10":0,"11":3,"12":0,"13":0,"14":3,"15":1,"16":1,"17":1,"18":1,"19":1,"20":3,"21":0,"22":0,"23":0,"24":3,"25":0,"26":0,"27":0,"28":3,"29":0,"30":0,"31":0,"32":0,"33":3,"34":0,"35":0,"36":3,"37":0,"38":0,"39":3,"40":0,"41":0,"42":3,"43":0,"44":0,"45":3,"46":0,"47":0,"48":3,"49":10,"50":10,"51":10,"52":10,"53":3,"54":5,"55":5,"56":3,"57":10,"58":10,"59":10,"60":3,"61":5,"62":5,"63":5,"64":3,"65":0,"66":0,"67":3,"68":0,"69":0,"70":3,"71":0,"72":0,"73":3,"74":0,"75":0,"76":3,"77":0,"78":3,"79":0,"80":0,"81":0,"82":3,"83":0,"84":0,"85":0,"86":3,"87":0,"88":0,"89":0,"90":0,"91":0,"92":3,"93":0,"94":0,"95":0,"96":3,"97":0,"98":0,"99":3,"100":3,"101":3,"102":3,"103":3,"104":3,"105":0,"106":0,"107":0,"108":0,"109":3,"110":0,"111":0,"112":3,"113":1,"114":1,"115":3,"116":0,"117":0,"118":3,"119":0,"120":0,"121":3,"122":3,"123":3,"124":3,"125":3,"126":0,"127":0,"128":0,"129":3,"130":0,"131":0,"132":0,"133":3,"134":0,"135":0,"136":3,"137":0,"138":0,"139":0,"140":0,"141":0,"142":0,"143":3,"144":0,"145":0,"146":3,"147":0,"148":0,"149":0,"150":0,"151":0,"152":3,"153":0,"154":0,"155":3},"f":{"0":0,"1":2,"2":0,"3":0,"4":1,"5":0,"6":0,"7":0,"8":0,"9":0,"10":0,"11":0,"12":0,"13":10,"14":5,"15":10,"16":5,"17":0,"18":0,"19":0,"20":0,"21":0,"22":0,"23":0,"24":0,"25":0,"26":0,"27":3,"28":0,"29":0,"30":1,"31":0,"32":0,"33":3,"34":0,"35":0,"36":0,"37":0,"38":0,"39":0,"40":0},"b":{"0":[0],"1":[0],"2":[0],"3":[0],"4":[3,3],"5":[3,3]}}
,"C:\\Projects\\it-kamasutra\\IT-BE\\Lesson001\\src\\db\\iocTypes\\index.ts": {"path":"C:\\Projects\\it-kamasutra\\IT-BE\\Lesson001\\src\\db\\iocTypes\\index.ts","statementMap":{"0":{"start":{"line":1,"column":13},"end":{"line":51,"column":2}}},"fnMap":{},"branchMap":{},"s":{"0":3},"f":{},"b":{}}
,"C:\\Projects\\it-kamasutra\\IT-BE\\Lesson001\\src\\db\\mongoose\\models.ts": {"path":"C:\\Projects\\it-kamasutra\\IT-BE\\Lesson001\\src\\db\\mongoose\\models.ts","statementMap":{"0":{"start":{"line":1,"column":0},"end":{"line":1,"column":31}},"1":{"start":{"line":3,"column":0},"end":{"line":3,"column":null}},"2":{"start":{"line":14,"column":13},"end":{"line":14,"column":52}},"3":{"start":{"line":16,"column":13},"end":{"line":16,"column":61}},"4":{"start":{"line":18,"column":13},"end":{"line":18,"column":52}},"5":{"start":{"line":20,"column":13},"end":{"line":20,"column":61}},"6":{"start":{"line":22,"column":13},"end":{"line":22,"column":61}},"7":{"start":{"line":24,"column":13},"end":{"line":24,"column":66}},"8":{"start":{"line":26,"column":13},"end":{"line":26,"column":64}},"9":{"start":{"line":28,"column":13},"end":{"line":28,"column":null}}},"fnMap":{},"branchMap":{},"s":{"0":3,"1":3,"2":3,"3":3,"4":3,"5":3,"6":3,"7":3,"8":3,"9":3},"f":{},"b":{}}
,"C:\\Projects\\it-kamasutra\\IT-BE\\Lesson001\\src\\db\\mongoose\\schemas.ts": {"path":"C:\\Projects\\it-kamasutra\\IT-BE\\Lesson001\\src\\db\\mongoose\\schemas.ts","statementMap":{"0":{"start":{"line":1,"column":0},"end":{"line":1,"column":32}},"1":{"start":{"line":2,"column":0},"end":{"line":2,"column":null}},"2":{"start":{"line":27,"column":13},"end":{"line":44,"column":3}},"3":{"start":{"line":46,"column":13},"end":{"line":50,"column":3}},"4":{"start":{"line":52,"column":13},"end":{"line":60,"column":3}},"5":{"start":{"line":62,"column":13},"end":{"line":69,"column":3}},"6":{"start":{"line":71,"column":13},"end":{"line":76,"column":3}},"7":{"start":{"line":78,"column":13},"end":{"line":81,"column":3}},"8":{"start":{"line":83,"column":13},"end":{"line":90,"column":null}},"9":{"start":{"line":92,"column":13},"end":{"line":98,"column":null}}},"fnMap":{},"branchMap":{},"s":{"0":3,"1":3,"2":3,"3":3,"4":3,"5":3,"6":3,"7":3,"8":3,"9":3},"f":{},"b":{}}
,"C:\\Projects\\it-kamasutra\\IT-BE\\Lesson001\\src\\domain\\auth-helper-service.ts": {"path":"C:\\Projects\\it-kamasutra\\IT-BE\\Lesson001\\src\\domain\\auth-helper-service.ts","statementMap":{"0":{"start":{"line":1,"column":0},"end":{"line":1,"column":37}},"1":{"start":{"line":2,"column":0},"end":{"line":2,"column":28}},"2":{"start":{"line":5,"column":7},"end":{"line":15,"column":null}},"3":{"start":{"line":6,"column":2},"end":{"line":9,"column":null}},"4":{"start":{"line":6,"column":88},"end":{"line":9,"column":null}},"5":{"start":{"line":7,"column":17},"end":{"line":7,"column":58}},"6":{"start":{"line":8,"column":4},"end":{"line":8,"column":null}},"7":{"start":{"line":11,"column":2},"end":{"line":14,"column":null}},"8":{"start":{"line":11,"column":63},"end":{"line":14,"column":null}},"9":{"start":{"line":12,"column":35},"end":{"line":12,"column":71}},"10":{"start":{"line":13,"column":4},"end":{"line":13,"column":null}},"11":{"start":{"line":5,"column":13},"end":{"line":15,"column":null}},"12":{"start":{"line":5,"column":13},"end":{"line":5,"column":30}}},"fnMap":{"0":{"name":"(anonymous_9)","decl":{"start":{"line":5,"column":7},"end":{"line":5,"column":13}},"loc":{"start":{"line":5,"column":7},"end":{"line":15,"column":1}}},"1":{"name":"(anonymous_10)","decl":{"start":{"line":6,"column":17},"end":{"line":6,"column":24}},"loc":{"start":{"line":6,"column":88},"end":{"line":9,"column":null}}},"2":{"name":"(anonymous_11)","decl":{"start":{"line":6,"column":88},"end":{"line":6,"column":null}},"loc":{"start":{"line":6,"column":88},"end":{"line":9,"column":3}}},"3":{"name":"(anonymous_12)","decl":{"start":{"line":11,"column":22},"end":{"line":11,"column":29}},"loc":{"start":{"line":11,"column":63},"end":{"line":14,"column":null}}},"4":{"name":"(anonymous_13)","decl":{"start":{"line":11,"column":63},"end":{"line":11,"column":null}},"loc":{"start":{"line":11,"column":63},"end":{"line":14,"column":3}}}},"branchMap":{"0":{"loc":{"start":{"line":6,"column":42},"end":{"line":6,"column":67}},"type":"default-arg","locations":[{"start":{"line":6,"column":65},"end":{"line":6,"column":67}}]}},"s":{"0":2,"1":2,"2":2,"3":2,"4":5,"5":5,"6":5,"7":2,"8":3,"9":3,"10":3,"11":2,"12":2},"f":{"0":2,"1":5,"2":5,"3":3,"4":3},"b":{"0":[5]}}
,"C:\\Projects\\it-kamasutra\\IT-BE\\Lesson001\\src\\domain\\auth-services.ts": {"path":"C:\\Projects\\it-kamasutra\\IT-BE\\Lesson001\\src\\domain\\auth-services.ts","statementMap":{"0":{"start":{"line":1,"column":0},"end":{"line":1,"column":26}},"1":{"start":{"line":2,"column":0},"end":{"line":2,"column":54}},"2":{"start":{"line":3,"column":0},"end":{"line":3,"column":102}},"3":{"start":{"line":4,"column":0},"end":{"line":4,"column":65}},"4":{"start":{"line":5,"column":0},"end":{"line":5,"column":34}},"5":{"start":{"line":6,"column":0},"end":{"line":6,"column":68}},"6":{"start":{"line":7,"column":0},"end":{"line":7,"column":45}},"7":{"start":{"line":8,"column":0},"end":{"line":8,"column":55}},"8":{"start":{"line":9,"column":0},"end":{"line":9,"column":37}},"9":{"start":{"line":10,"column":0},"end":{"line":10,"column":56}},"10":{"start":{"line":11,"column":0},"end":{"line":11,"column":55}},"11":{"start":{"line":14,"column":7},"end":{"line":92,"column":null}},"12":{"start":{"line":16,"column":60},"end":{"line":16,"column":77}},"13":{"start":{"line":17,"column":64},"end":{"line":17,"column":83}},"14":{"start":{"line":18,"column":50},"end":{"line":18,"column":62}},"15":{"start":{"line":19,"column":54},"end":{"line":19,"column":68}},"16":{"start":{"line":20,"column":54},"end":{"line":20,"column":68}},"17":{"start":{"line":25,"column":17},"end":{"line":25,"column":74}},"18":{"start":{"line":26,"column":4},"end":{"line":37,"column":null}},"19":{"start":{"line":27,"column":36},"end":{"line":27,"column":131}},"20":{"start":{"line":28,"column":6},"end":{"line":36,"column":null}},"21":{"start":{"line":29,"column":28},"end":{"line":33,"column":21}},"22":{"start":{"line":34,"column":23},"end":{"line":34,"column":42}},"23":{"start":{"line":35,"column":8},"end":{"line":35,"column":null}},"24":{"start":{"line":38,"column":4},"end":{"line":38,"column":null}},"25":{"start":{"line":42,"column":15},"end":{"line":42,"column":94}},"26":{"start":{"line":43,"column":4},"end":{"line":43,"column":51}},"27":{"start":{"line":44,"column":20},"end":{"line":44,"column":78}},"28":{"start":{"line":46,"column":4},"end":{"line":55,"column":null}},"29":{"start":{"line":49,"column":6},"end":{"line":49,"column":98}},"30":{"start":{"line":51,"column":6},"end":{"line":51,"column":86}},"31":{"start":{"line":54,"column":6},"end":{"line":54,"column":null}},"32":{"start":{"line":59,"column":17},"end":{"line":59,"column":62}},"33":{"start":{"line":61,"column":4},"end":{"line":81,"column":null}},"34":{"start":{"line":62,"column":32},"end":{"line":62,"column":40}},"35":{"start":{"line":63,"column":22},"end":{"line":63,"column":69}},"36":{"start":{"line":65,"column":17},"end":{"line":68,"column":null}},"37":{"start":{"line":70,"column":6},"end":{"line":80,"column":null}},"38":{"start":{"line":72,"column":8},"end":{"line":77,"column":null}},"39":{"start":{"line":73,"column":10},"end":{"line":73,"column":73}},"40":{"start":{"line":74,"column":10},"end":{"line":74,"column":72}},"41":{"start":{"line":76,"column":10},"end":{"line":76,"column":null}},"42":{"start":{"line":79,"column":8},"end":{"line":79,"column":null}},"43":{"start":{"line":82,"column":4},"end":{"line":82,"column":null}},"44":{"start":{"line":86,"column":17},"end":{"line":86,"column":73}},"45":{"start":{"line":87,"column":4},"end":{"line":89,"column":null}},"46":{"start":{"line":88,"column":6},"end":{"line":88,"column":91}},"47":{"start":{"line":90,"column":4},"end":{"line":90,"column":17}},"48":{"start":{"line":14,"column":13},"end":{"line":92,"column":null}},"49":{"start":{"line":14,"column":13},"end":{"line":14,"column":24}}},"fnMap":{"0":{"name":"(anonymous_11)","decl":{"start":{"line":15,"column":2},"end":{"line":15,"column":null}},"loc":{"start":{"line":20,"column":80},"end":{"line":21,"column":3}}},"1":{"name":"(anonymous_12)","decl":{"start":{"line":24,"column":8},"end":{"line":24,"column":13}},"loc":{"start":{"line":24,"column":56},"end":{"line":39,"column":null}}},"2":{"name":"(anonymous_14)","decl":{"start":{"line":41,"column":8},"end":{"line":41,"column":20}},"loc":{"start":{"line":41,"column":48},"end":{"line":56,"column":null}}},"3":{"name":"(anonymous_16)","decl":{"start":{"line":58,"column":8},"end":{"line":58,"column":22}},"loc":{"start":{"line":58,"column":36},"end":{"line":83,"column":null}}},"4":{"name":"(anonymous_18)","decl":{"start":{"line":85,"column":8},"end":{"line":85,"column":28}},"loc":{"start":{"line":85,"column":54},"end":{"line":91,"column":null}}}},"branchMap":{"0":{"loc":{"start":{"line":26,"column":4},"end":{"line":37,"column":null}},"type":"if","locations":[{"start":{"line":26,"column":4},"end":{"line":37,"column":null}}]},"1":{"loc":{"start":{"line":28,"column":6},"end":{"line":36,"column":null}},"type":"if","locations":[{"start":{"line":28,"column":6},"end":{"line":36,"column":null}}]},"2":{"loc":{"start":{"line":61,"column":4},"end":{"line":81,"column":null}},"type":"if","locations":[{"start":{"line":61,"column":4},"end":{"line":81,"column":null}}]},"3":{"loc":{"start":{"line":72,"column":8},"end":{"line":77,"column":null}},"type":"if","locations":[{"start":{"line":72,"column":8},"end":{"line":77,"column":null}},{"start":{"line":75,"column":15},"end":{"line":77,"column":null}}]},"4":{"loc":{"start":{"line":87,"column":4},"end":{"line":89,"column":null}},"type":"if","locations":[{"start":{"line":87,"column":4},"end":{"line":89,"column":null}}]}},"s":{"0":1,"1":1,"2":1,"3":1,"4":1,"5":1,"6":1,"7":1,"8":1,"9":1,"10":1,"11":1,"12":2,"13":2,"14":2,"15":2,"16":2,"17":3,"18":3,"19":2,"20":2,"21":2,"22":2,"23":2,"24":1,"25":2,"26":2,"27":2,"28":2,"29":2,"30":1,"31":1,"32":4,"33":4,"34":3,"35":3,"36":3,"37":3,"38":3,"39":2,"40":1,"41":1,"42":1,"43":1,"44":2,"45":2,"46":1,"47":1,"48":1,"49":1},"f":{"0":2,"1":3,"2":2,"3":4,"4":2},"b":{"0":[2],"1":[2],"2":[3],"3":[2,1],"4":[1]}}
,"C:\\Projects\\it-kamasutra\\IT-BE\\Lesson001\\src\\domain\\bloggers-services.ts": {"path":"C:\\Projects\\it-kamasutra\\IT-BE\\Lesson001\\src\\domain\\bloggers-services.ts","statementMap":{"0":{"start":{"line":1,"column":0},"end":{"line":1,"column":26}},"1":{"start":{"line":2,"column":0},"end":{"line":2,"column":null}},"2":{"start":{"line":8,"column":0},"end":{"line":8,"column":71}},"3":{"start":{"line":9,"column":0},"end":{"line":9,"column":34}},"4":{"start":{"line":10,"column":0},"end":{"line":10,"column":45}},"5":{"start":{"line":11,"column":0},"end":{"line":11,"column":37}},"6":{"start":{"line":14,"column":7},"end":{"line":67,"column":null}},"7":{"start":{"line":16,"column":66},"end":{"line":16,"column":86}},"8":{"start":{"line":23,"column":49},"end":{"line":23,"column":63}},"9":{"start":{"line":25,"column":17},"end":{"line":25,"column":44}},"10":{"start":{"line":26,"column":18},"end":{"line":26,"column":26}},"11":{"start":{"line":28,"column":29},"end":{"line":28,"column":82}},"12":{"start":{"line":32,"column":6},"end":{"line":32,"column":60}},"13":{"start":{"line":34,"column":50},"end":{"line":40,"column":null}},"14":{"start":{"line":42,"column":4},"end":{"line":42,"column":18}},"15":{"start":{"line":48,"column":6},"end":{"line":52,"column":8}},"16":{"start":{"line":53,"column":4},"end":{"line":53,"column":60}},"17":{"start":{"line":57,"column":4},"end":{"line":57,"column":54}},"18":{"start":{"line":61,"column":4},"end":{"line":61,"column":72}},"19":{"start":{"line":65,"column":4},"end":{"line":65,"column":52}},"20":{"start":{"line":14,"column":13},"end":{"line":67,"column":null}},"21":{"start":{"line":14,"column":13},"end":{"line":14,"column":28}}},"fnMap":{"0":{"name":"(anonymous_11)","decl":{"start":{"line":15,"column":2},"end":{"line":15,"column":null}},"loc":{"start":{"line":16,"column":104},"end":{"line":18,"column":3}}},"1":{"name":"(anonymous_12)","decl":{"start":{"line":20,"column":8},"end":{"line":20,"column":15}},"loc":{"start":{"line":20,"column":57},"end":{"line":44,"column":null}}},"2":{"name":"(anonymous_14)","decl":{"start":{"line":46,"column":8},"end":{"line":46,"column":14}},"loc":{"start":{"line":46,"column":47},"end":{"line":54,"column":null}}},"3":{"name":"(anonymous_16)","decl":{"start":{"line":56,"column":8},"end":{"line":56,"column":16}},"loc":{"start":{"line":56,"column":27},"end":{"line":58,"column":null}}},"4":{"name":"(anonymous_18)","decl":{"start":{"line":60,"column":8},"end":{"line":60,"column":14}},"loc":{"start":{"line":60,"column":50},"end":{"line":62,"column":null}}},"5":{"name":"(anonymous_20)","decl":{"start":{"line":64,"column":8},"end":{"line":64,"column":14}},"loc":{"start":{"line":64,"column":25},"end":{"line":66,"column":null}}}},"branchMap":{},"s":{"0":1,"1":1,"2":1,"3":1,"4":1,"5":1,"6":1,"7":1,"8":2,"9":2,"10":2,"11":2,"12":2,"13":2,"14":2,"15":1,"16":1,"17":1,"18":2,"19":2,"20":1,"21":1},"f":{"0":1,"1":2,"2":1,"3":1,"4":2,"5":2},"b":{}}
,"C:\\Projects\\it-kamasutra\\IT-BE\\Lesson001\\src\\domain\\users-service.ts": {"path":"C:\\Projects\\it-kamasutra\\IT-BE\\Lesson001\\src\\domain\\users-service.ts","statementMap":{"0":{"start":{"line":1,"column":0},"end":{"line":1,"column":26}},"1":{"start":{"line":2,"column":0},"end":{"line":2,"column":null}},"2":{"start":{"line":13,"column":0},"end":{"line":13,"column":65}},"3":{"start":{"line":14,"column":0},"end":{"line":14,"column":45}},"4":{"start":{"line":15,"column":0},"end":{"line":15,"column":68}},"5":{"start":{"line":16,"column":0},"end":{"line":16,"column":37}},"6":{"start":{"line":17,"column":0},"end":{"line":17,"column":56}},"7":{"start":{"line":21,"column":7},"end":{"line":96,"column":null}},"8":{"start":{"line":23,"column":60},"end":{"line":23,"column":77}},"9":{"start":{"line":24,"column":64},"end":{"line":24,"column":83}},"10":{"start":{"line":29,"column":33},"end":{"line":29,"column":42}},"11":{"start":{"line":31,"column":22},"end":{"line":31,"column":84}},"12":{"start":{"line":33,"column":38},"end":{"line":33,"column":83}},"13":{"start":{"line":35,"column":47},"end":{"line":37,"column":6}},"14":{"start":{"line":36,"column":6},"end":{"line":36,"column":null}},"15":{"start":{"line":39,"column":19},"end":{"line":44,"column":null}},"16":{"start":{"line":47,"column":4},"end":{"line":47,"column":18}},"17":{"start":{"line":51,"column":4},"end":{"line":51,"column":null}},"18":{"start":{"line":55,"column":17},"end":{"line":55,"column":89}},"19":{"start":{"line":57,"column":4},"end":{"line":57,"column":51}},"20":{"start":{"line":61,"column":4},"end":{"line":61,"column":null}},"21":{"start":{"line":65,"column":4},"end":{"line":65,"column":null}},"22":{"start":{"line":69,"column":24},"end":{"line":69,"column":70}},"23":{"start":{"line":70,"column":4},"end":{"line":75,"column":null}},"24":{"start":{"line":71,"column":28},"end":{"line":71,"column":135}},"25":{"start":{"line":72,"column":6},"end":{"line":74,"column":null}},"26":{"start":{"line":73,"column":8},"end":{"line":73,"column":null}},"27":{"start":{"line":76,"column":4},"end":{"line":76,"column":16}},"28":{"start":{"line":80,"column":4},"end":{"line":80,"column":49}},"29":{"start":{"line":85,"column":19},"end":{"line":85,"column":78}},"30":{"start":{"line":86,"column":4},"end":{"line":86,"column":null}},"31":{"start":{"line":90,"column":4},"end":{"line":90,"column":null}},"32":{"start":{"line":94,"column":4},"end":{"line":94,"column":55}},"33":{"start":{"line":21,"column":13},"end":{"line":96,"column":null}},"34":{"start":{"line":21,"column":13},"end":{"line":21,"column":25}}},"fnMap":{"0":{"name":"(anonymous_11)","decl":{"start":{"line":22,"column":2},"end":{"line":22,"column":null}},"loc":{"start":{"line":24,"column":100},"end":{"line":25,"column":3}}},"1":{"name":"(anonymous_12)","decl":{"start":{"line":27,"column":8},"end":{"line":27,"column":14}},"loc":{"start":{"line":27,"column":39},"end":{"line":48,"column":null}}},"2":{"name":"(anonymous_14)","decl":{"start":{"line":35,"column":63},"end":{"line":35,"column":64}},"loc":{"start":{"line":35,"column":101},"end":{"line":37,"column":5}}},"3":{"name":"(anonymous_15)","decl":{"start":{"line":50,"column":8},"end":{"line":50,"column":16}},"loc":{"start":{"line":50,"column":27},"end":{"line":52,"column":null}}},"4":{"name":"(anonymous_17)","decl":{"start":{"line":54,"column":8},"end":{"line":54,"column":14}},"loc":{"start":{"line":54,"column":88},"end":{"line":58,"column":null}}},"5":{"name":"(anonymous_19)","decl":{"start":{"line":60,"column":8},"end":{"line":60,"column":19}},"loc":{"start":{"line":60,"column":33},"end":{"line":62,"column":null}}},"6":{"name":"(anonymous_21)","decl":{"start":{"line":64,"column":8},"end":{"line":64,"column":19}},"loc":{"start":{"line":64,"column":33},"end":{"line":66,"column":null}}},"7":{"name":"(anonymous_23)","decl":{"start":{"line":68,"column":8},"end":{"line":68,"column":23}},"loc":{"start":{"line":68,"column":51},"end":{"line":77,"column":null}}},"8":{"name":"(anonymous_25)","decl":{"start":{"line":79,"column":8},"end":{"line":79,"column":14}},"loc":{"start":{"line":79,"column":25},"end":{"line":81,"column":null}}},"9":{"name":"(anonymous_27)","decl":{"start":{"line":84,"column":8},"end":{"line":84,"column":26}},"loc":{"start":{"line":84,"column":49},"end":{"line":87,"column":null}}},"10":{"name":"(anonymous_29)","decl":{"start":{"line":89,"column":8},"end":{"line":89,"column":19}},"loc":{"start":{"line":89,"column":48},"end":{"line":91,"column":null}}},"11":{"name":"(anonymous_31)","decl":{"start":{"line":93,"column":8},"end":{"line":93,"column":18}},"loc":{"start":{"line":93,"column":31},"end":{"line":95,"column":null}}}},"branchMap":{"0":{"loc":{"start":{"line":54,"column":48},"end":{"line":54,"column":88}},"type":"default-arg","locations":[{"start":{"line":54,"column":71},"end":{"line":54,"column":88}}]},"1":{"loc":{"start":{"line":70,"column":4},"end":{"line":75,"column":null}},"type":"if","locations":[{"start":{"line":70,"column":4},"end":{"line":75,"column":null}}]},"2":{"loc":{"start":{"line":72,"column":6},"end":{"line":74,"column":null}},"type":"if","locations":[{"start":{"line":72,"column":6},"end":{"line":74,"column":null}}]}},"s":{"0":2,"1":2,"2":2,"3":2,"4":2,"5":2,"6":2,"7":2,"8":2,"9":2,"10":1,"11":1,"12":1,"13":1,"14":1,"15":1,"16":1,"17":1,"18":3,"19":3,"20":3,"21":1,"22":2,"23":2,"24":1,"25":1,"26":1,"27":1,"28":2,"29":1,"30":1,"31":6,"32":1,"33":2,"34":2},"f":{"0":2,"1":1,"2":1,"3":1,"4":3,"5":3,"6":1,"7":2,"8":2,"9":1,"10":6,"11":1},"b":{"0":[3],"1":[1],"2":[1]}}
,"C:\\Projects\\it-kamasutra\\IT-BE\\Lesson001\\src\\helpers\\constants.ts": {"path":"C:\\Projects\\it-kamasutra\\IT-BE\\Lesson001\\src\\helpers\\constants.ts","statementMap":{"0":{"start":{"line":2,"column":13},"end":{"line":2,"column":43}},"1":{"start":{"line":3,"column":13},"end":{"line":3,"column":66}}},"fnMap":{},"branchMap":{},"s":{"0":3,"1":3},"f":{},"b":{}}
,"C:\\Projects\\it-kamasutra\\IT-BE\\Lesson001\\src\\helpers\\user\\userServiceHelper.ts": {"path":"C:\\Projects\\it-kamasutra\\IT-BE\\Lesson001\\src\\helpers\\user\\userServiceHelper.ts","statementMap":{"0":{"start":{"line":1,"column":0},"end":{"line":1,"column":85}},"1":{"start":{"line":2,"column":0},"end":{"line":2,"column":34}},"2":{"start":{"line":5,"column":33},"end":{"line":17,"column":null}},"3":{"start":{"line":8,"column":49},"end":{"line":17,"column":null}},"4":{"start":{"line":10,"column":23},"end":{"line":10,"column":85}},"5":{"start":{"line":12,"column":22},"end":{"line":12,"column":100}},"6":{"start":{"line":14,"column":16},"end":{"line":14,"column":51}},"7":{"start":{"line":15,"column":15},"end":{"line":15,"column":73}},"8":{"start":{"line":16,"column":2},"end":{"line":16,"column":null}},"9":{"start":{"line":5,"column":13},"end":{"line":5,"column":33}}},"fnMap":{"0":{"name":"(anonymous_7)","decl":{"start":{"line":5,"column":33},"end":{"line":5,"column":null}},"loc":{"start":{"line":8,"column":49},"end":{"line":17,"column":null}}},"1":{"name":"(anonymous_8)","decl":{"start":{"line":8,"column":49},"end":{"line":8,"column":null}},"loc":{"start":{"line":8,"column":49},"end":{"line":17,"column":1}}}},"branchMap":{},"s":{"0":2,"1":2,"2":2,"3":5,"4":5,"5":5,"6":5,"7":5,"8":5,"9":2},"f":{"0":5,"1":5},"b":{}}
,"C:\\Projects\\it-kamasutra\\IT-BE\\Lesson001\\src\\repositories\\bloggers-repository.ts": {"path":"C:\\Projects\\it-kamasutra\\IT-BE\\Lesson001\\src\\repositories\\bloggers-repository.ts","statementMap":{"0":{"start":{"line":1,"column":0},"end":{"line":1,"column":26}},"1":{"start":{"line":3,"column":0},"end":{"line":3,"column":61}},"2":{"start":{"line":4,"column":0},"end":{"line":4,"column":48}},"3":{"start":{"line":5,"column":0},"end":{"line":5,"column":45}},"4":{"start":{"line":6,"column":0},"end":{"line":6,"column":37}},"5":{"start":{"line":7,"column":0},"end":{"line":7,"column":32}},"6":{"start":{"line":10,"column":7},"end":{"line":58,"column":null}},"7":{"start":{"line":12,"column":40},"end":{"line":12,"column":54}},"8":{"start":{"line":18,"column":42},"end":{"line":18,"column":56}},"9":{"start":{"line":19,"column":29},"end":{"line":19,"column":96}},"10":{"start":{"line":22,"column":26},"end":{"line":22,"column":73}},"11":{"start":{"line":23,"column":44},"end":{"line":26,"column":13}},"12":{"start":{"line":29,"column":4},"end":{"line":29,"column":43}},"13":{"start":{"line":33,"column":23},"end":{"line":33,"column":77}},"14":{"start":{"line":34,"column":4},"end":{"line":34,"column":56}},"15":{"start":{"line":35,"column":19},"end":{"line":35,"column":98}},"16":{"start":{"line":36,"column":4},"end":{"line":36,"column":18}},"17":{"start":{"line":40,"column":4},"end":{"line":40,"column":62}},"18":{"start":{"line":45,"column":6},"end":{"line":45,"column":73}},"19":{"start":{"line":46,"column":4},"end":{"line":48,"column":null}},"20":{"start":{"line":47,"column":6},"end":{"line":47,"column":18}},"21":{"start":{"line":49,"column":4},"end":{"line":49,"column":17}},"22":{"start":{"line":53,"column":31},"end":{"line":53,"column":70}},"23":{"start":{"line":54,"column":4},"end":{"line":54,"column":null}},"24":{"start":{"line":54,"column":29},"end":{"line":54,"column":null}},"25":{"start":{"line":56,"column":4},"end":{"line":56,"column":17}},"26":{"start":{"line":10,"column":13},"end":{"line":58,"column":null}},"27":{"start":{"line":10,"column":13},"end":{"line":10,"column":31}}},"fnMap":{"0":{"name":"(anonymous_12)","decl":{"start":{"line":11,"column":2},"end":{"line":11,"column":null}},"loc":{"start":{"line":12,"column":83},"end":{"line":14,"column":3}}},"1":{"name":"(anonymous_13)","decl":{"start":{"line":15,"column":8},"end":{"line":15,"column":14}},"loc":{"start":{"line":15,"column":51},"end":{"line":30,"column":null}}},"2":{"name":"(anonymous_15)","decl":{"start":{"line":32,"column":8},"end":{"line":32,"column":14}},"loc":{"start":{"line":32,"column":38},"end":{"line":37,"column":null}}},"3":{"name":"(anonymous_17)","decl":{"start":{"line":39,"column":8},"end":{"line":39,"column":16}},"loc":{"start":{"line":39,"column":27},"end":{"line":41,"column":null}}},"4":{"name":"(anonymous_19)","decl":{"start":{"line":43,"column":8},"end":{"line":43,"column":14}},"loc":{"start":{"line":43,"column":50},"end":{"line":50,"column":null}}},"5":{"name":"(anonymous_21)","decl":{"start":{"line":52,"column":8},"end":{"line":52,"column":14}},"loc":{"start":{"line":52,"column":25},"end":{"line":57,"column":null}}}},"branchMap":{"0":{"loc":{"start":{"line":19,"column":29},"end":{"line":19,"column":96}},"type":"cond-expr","locations":[{"start":{"line":19,"column":46},"end":{"line":19,"column":91}},{"start":{"line":19,"column":94},"end":{"line":19,"column":96}}]},"1":{"loc":{"start":{"line":46,"column":4},"end":{"line":48,"column":null}},"type":"if","locations":[{"start":{"line":46,"column":4},"end":{"line":48,"column":null}}]},"2":{"loc":{"start":{"line":54,"column":4},"end":{"line":54,"column":null}},"type":"if","locations":[{"start":{"line":54,"column":4},"end":{"line":54,"column":null}}]}},"s":{"0":1,"1":1,"2":1,"3":1,"4":1,"5":1,"6":1,"7":1,"8":2,"9":2,"10":2,"11":2,"12":2,"13":1,"14":1,"15":1,"16":1,"17":1,"18":2,"19":2,"20":1,"21":1,"22":2,"23":2,"24":1,"25":1,"26":1,"27":1},"f":{"0":1,"1":2,"2":1,"3":1,"4":2,"5":2},"b":{"0":[1,1],"1":[1],"2":[1]}}
,"C:\\Projects\\it-kamasutra\\IT-BE\\Lesson001\\src\\repositories\\users-repository.ts": {"path":"C:\\Projects\\it-kamasutra\\IT-BE\\Lesson001\\src\\repositories\\users-repository.ts","statementMap":{"0":{"start":{"line":1,"column":0},"end":{"line":1,"column":26}},"1":{"start":{"line":2,"column":0},"end":{"line":2,"column":null}},"2":{"start":{"line":10,"column":0},"end":{"line":10,"column":47}},"3":{"start":{"line":11,"column":0},"end":{"line":11,"column":48}},"4":{"start":{"line":12,"column":0},"end":{"line":12,"column":45}},"5":{"start":{"line":13,"column":0},"end":{"line":13,"column":32}},"6":{"start":{"line":14,"column":0},"end":{"line":14,"column":37}},"7":{"start":{"line":18,"column":7},"end":{"line":100,"column":null}},"8":{"start":{"line":20,"column":37},"end":{"line":20,"column":48}},"9":{"start":{"line":25,"column":23},"end":{"line":25,"column":53}},"10":{"start":{"line":27,"column":40},"end":{"line":31,"column":13}},"11":{"start":{"line":33,"column":4},"end":{"line":33,"column":37}},"12":{"start":{"line":37,"column":4},"end":{"line":37,"column":null}},"13":{"start":{"line":41,"column":17},"end":{"line":41,"column":94}},"14":{"start":{"line":42,"column":4},"end":{"line":42,"column":null}},"15":{"start":{"line":46,"column":4},"end":{"line":46,"column":null}},"16":{"start":{"line":51,"column":25},"end":{"line":56,"column":null}},"17":{"start":{"line":59,"column":4},"end":{"line":59,"column":52}},"18":{"start":{"line":61,"column":4},"end":{"line":61,"column":90}},"19":{"start":{"line":65,"column":33},"end":{"line":65,"column":69}},"20":{"start":{"line":66,"column":4},"end":{"line":66,"column":47}},"21":{"start":{"line":66,"column":35},"end":{"line":66,"column":47}},"22":{"start":{"line":67,"column":4},"end":{"line":67,"column":17}},"23":{"start":{"line":71,"column":22},"end":{"line":75,"column":6}},"24":{"start":{"line":77,"column":4},"end":{"line":77,"column":44}},"25":{"start":{"line":77,"column":32},"end":{"line":77,"column":44}},"26":{"start":{"line":78,"column":4},"end":{"line":78,"column":17}},"27":{"start":{"line":82,"column":19},"end":{"line":82,"column":21}},"28":{"start":{"line":83,"column":22},"end":{"line":83,"column":80}},"29":{"start":{"line":84,"column":22},"end":{"line":84,"column":80}},"30":{"start":{"line":85,"column":4},"end":{"line":85,"column":null}},"31":{"start":{"line":85,"column":19},"end":{"line":85,"column":null}},"32":{"start":{"line":86,"column":4},"end":{"line":86,"column":null}},"33":{"start":{"line":86,"column":19},"end":{"line":86,"column":null}},"34":{"start":{"line":88,"column":4},"end":{"line":88,"column":null}},"35":{"start":{"line":92,"column":19},"end":{"line":92,"column":72}},"36":{"start":{"line":93,"column":4},"end":{"line":93,"column":41}},"37":{"start":{"line":93,"column":29},"end":{"line":93,"column":41}},"38":{"start":{"line":94,"column":4},"end":{"line":94,"column":17}},"39":{"start":{"line":98,"column":4},"end":{"line":98,"column":null}},"40":{"start":{"line":18,"column":13},"end":{"line":100,"column":null}},"41":{"start":{"line":18,"column":13},"end":{"line":18,"column":28}}},"fnMap":{"0":{"name":"(anonymous_12)","decl":{"start":{"line":19,"column":2},"end":{"line":19,"column":null}},"loc":{"start":{"line":20,"column":74},"end":{"line":21,"column":3}}},"1":{"name":"(anonymous_13)","decl":{"start":{"line":23,"column":8},"end":{"line":23,"column":15}},"loc":{"start":{"line":23,"column":50},"end":{"line":34,"column":null}}},"2":{"name":"(anonymous_15)","decl":{"start":{"line":36,"column":8},"end":{"line":36,"column":16}},"loc":{"start":{"line":36,"column":27},"end":{"line":38,"column":null}}},"3":{"name":"(anonymous_17)","decl":{"start":{"line":40,"column":8},"end":{"line":40,"column":19}},"loc":{"start":{"line":40,"column":33},"end":{"line":43,"column":null}}},"4":{"name":"(anonymous_19)","decl":{"start":{"line":45,"column":8},"end":{"line":45,"column":19}},"loc":{"start":{"line":45,"column":33},"end":{"line":47,"column":null}}},"5":{"name":"(anonymous_21)","decl":{"start":{"line":49,"column":8},"end":{"line":49,"column":14}},"loc":{"start":{"line":49,"column":33},"end":{"line":62,"column":null}}},"6":{"name":"(anonymous_23)","decl":{"start":{"line":64,"column":8},"end":{"line":64,"column":14}},"loc":{"start":{"line":64,"column":25},"end":{"line":68,"column":null}}},"7":{"name":"(anonymous_25)","decl":{"start":{"line":70,"column":8},"end":{"line":70,"column":25}},"loc":{"start":{"line":70,"column":63},"end":{"line":79,"column":null}}},"8":{"name":"(anonymous_27)","decl":{"start":{"line":81,"column":8},"end":{"line":81,"column":26}},"loc":{"start":{"line":81,"column":49},"end":{"line":89,"column":null}}},"9":{"name":"(anonymous_29)","decl":{"start":{"line":91,"column":8},"end":{"line":91,"column":19}},"loc":{"start":{"line":91,"column":48},"end":{"line":95,"column":null}}},"10":{"name":"(anonymous_31)","decl":{"start":{"line":97,"column":8},"end":{"line":97,"column":18}},"loc":{"start":{"line":97,"column":31},"end":{"line":99,"column":null}}}},"branchMap":{"0":{"loc":{"start":{"line":66,"column":4},"end":{"line":66,"column":47}},"type":"if","locations":[{"start":{"line":66,"column":4},"end":{"line":66,"column":47}}]},"1":{"loc":{"start":{"line":77,"column":4},"end":{"line":77,"column":44}},"type":"if","locations":[{"start":{"line":77,"column":4},"end":{"line":77,"column":44}}]},"2":{"loc":{"start":{"line":85,"column":4},"end":{"line":85,"column":null}},"type":"if","locations":[{"start":{"line":85,"column":4},"end":{"line":85,"column":null}}]},"3":{"loc":{"start":{"line":86,"column":4},"end":{"line":86,"column":null}},"type":"if","locations":[{"start":{"line":86,"column":4},"end":{"line":86,"column":null}}]},"4":{"loc":{"start":{"line":93,"column":4},"end":{"line":93,"column":41}},"type":"if","locations":[{"start":{"line":93,"column":4},"end":{"line":93,"column":41}}]}},"s":{"0":2,"1":2,"2":2,"3":2,"4":2,"5":2,"6":2,"7":2,"8":2,"9":1,"10":1,"11":1,"12":1,"13":6,"14":6,"15":5,"16":5,"17":5,"18":5,"19":2,"20":2,"21":1,"22":1,"23":2,"24":2,"25":2,"26":0,"27":1,"28":1,"29":1,"30":1,"31":1,"32":1,"33":1,"34":1,"35":7,"36":7,"37":6,"38":1,"39":3,"40":2,"41":2},"f":{"0":2,"1":1,"2":1,"3":6,"4":5,"5":5,"6":2,"7":2,"8":1,"9":7,"10":3},"b":{"0":[1],"1":[2],"2":[1],"3":[1],"4":[6]}}
}
