TN:
SF:settings.ts
FNF:0
FNH:0
DA:1,1
DA:3,1
DA:5,1
LF:3
LH:3
BRDA:6,0,0,1
BRDA:6,0,1,1
BRDA:7,1,0,1
BRDA:7,1,1,1
BRDA:8,2,0,1
BRDA:8,2,1,1
BRDA:10,3,0,1
BRDA:10,3,1,1
BRDA:11,4,0,1
BRDA:11,4,1,1
BRF:10
BRH:10
end_of_record
TN:
SF:adapters\email-adapter.ts
FN:8,(anonymous_9)
FNF:1
FNH:0
FNDA:0,(anonymous_9)
DA:1,1
DA:2,1
DA:3,1
DA:4,1
DA:7,1
DA:9,0
DA:17,0
DA:23,0
LF:8
LH:5
BRF:0
BRH:0
end_of_record
TN:
SF:adapters\email-message.ts
FN:7,(anonymous_1)
FNF:1
FNH:1
FNDA:5,(anonymous_1)
DA:1,1
DA:2,1
DA:6,1
DA:8,5
LF:4
LH:4
BRF:0
BRH:0
end_of_record
TN:
SF:application\jwt-utility.ts
FN:14,(anonymous_9)
FN:17,(anonymous_11)
FN:20,(anonymous_13)
FN:28,(anonymous_15)
FN:31,(anonymous_17)
FN:53,(anonymous_18)
FN:56,(anonymous_20)
FNF:7
FNH:1
FNDA:0,(anonymous_9)
FNDA:2,(anonymous_11)
FNDA:0,(anonymous_13)
FNDA:0,(anonymous_15)
FNDA:0,(anonymous_17)
FNDA:0,(anonymous_18)
FNDA:0,(anonymous_20)
DA:1,1
DA:3,1
DA:4,1
DA:5,1
DA:9,1
DA:15,0
DA:18,2
DA:21,0
DA:22,0
DA:23,0
DA:25,0
DA:29,0
DA:31,0
DA:32,0
DA:33,0
DA:35,0
DA:36,0
DA:38,0
DA:41,0
DA:42,0
DA:46,0
DA:50,0
DA:54,0
DA:56,0
DA:57,0
DA:58,0
DA:60,0
DA:61,0
DA:63,0
DA:66,0
DA:67,0
DA:71,0
DA:75,0
LF:33
LH:6
BRDA:14,0,0,0
BRDA:17,1,0,1
BRDA:32,2,0,0
BRDA:35,3,0,0
BRDA:35,4,0,0
BRDA:35,4,1,0
BRDA:41,5,0,0
BRDA:57,6,0,0
BRDA:60,7,0,0
BRDA:60,8,0,0
BRDA:60,8,1,0
BRDA:66,9,0,0
BRF:12
BRH:1
end_of_record
TN:
SF:db\types.ts
FN:5,(anonymous_0)
FN:13,(anonymous_1)
FN:21,(anonymous_2)
FN:30,(anonymous_3)
FN:37,(anonymous_4)
FN:47,(anonymous_5)
FN:55,(anonymous_6)
FN:64,(anonymous_7)
FN:75,(anonymous_8)
FN:90,(anonymous_9)
FN:106,(anonymous_10)
FN:123,(anonymous_11)
FN:141,(anonymous_12)
FN:175,(anonymous_13)
FN:186,(anonymous_14)
FN:200,(anonymous_15)
FN:208,(anonymous_16)
FN:217,(anonymous_17)
FN:226,(anonymous_18)
FN:233,(anonymous_19)
FN:241,(anonymous_20)
FN:249,(anonymous_21)
FN:254,(anonymous_22)
FN:263,(anonymous_23)
FN:276,(anonymous_24)
FN:290,(anonymous_25)
FN:309,(anonymous_26)
FN:337,(anonymous_27)
FN:345,(anonymous_28)
FN:357,(anonymous_29)
FN:370,(anonymous_30)
FN:376,(anonymous_31)
FN:385,(anonymous_32)
FN:394,(anonymous_33)
FN:401,(anonymous_34)
FN:410,(anonymous_35)
FN:420,(anonymous_36)
FN:434,(anonymous_37)
FN:448,(anonymous_38)
FN:463,(anonymous_39)
FN:476,(anonymous_40)
FNF:41
FNH:14
FNDA:0,(anonymous_0)
FNDA:2,(anonymous_1)
FNDA:0,(anonymous_2)
FNDA:0,(anonymous_3)
FNDA:3,(anonymous_4)
FNDA:0,(anonymous_5)
FNDA:0,(anonymous_6)
FNDA:4,(anonymous_7)
FNDA:4,(anonymous_8)
FNDA:4,(anonymous_9)
FNDA:4,(anonymous_10)
FNDA:4,(anonymous_11)
FNDA:0,(anonymous_12)
FNDA:14,(anonymous_13)
FNDA:7,(anonymous_14)
FNDA:14,(anonymous_15)
FNDA:7,(anonymous_16)
FNDA:0,(anonymous_17)
FNDA:0,(anonymous_18)
FNDA:0,(anonymous_19)
FNDA:0,(anonymous_20)
FNDA:0,(anonymous_21)
FNDA:0,(anonymous_22)
FNDA:0,(anonymous_23)
FNDA:0,(anonymous_24)
FNDA:0,(anonymous_25)
FNDA:0,(anonymous_26)
FNDA:5,(anonymous_27)
FNDA:0,(anonymous_28)
FNDA:0,(anonymous_29)
FNDA:1,(anonymous_30)
FNDA:0,(anonymous_31)
FNDA:0,(anonymous_32)
FNDA:5,(anonymous_33)
FNDA:0,(anonymous_34)
FNDA:0,(anonymous_35)
FNDA:0,(anonymous_36)
FNDA:0,(anonymous_37)
FNDA:0,(anonymous_38)
FNDA:0,(anonymous_39)
FNDA:0,(anonymous_40)
DA:4,5
DA:6,0
DA:7,0
DA:8,0
DA:12,5
DA:14,2
DA:15,2
DA:16,2
DA:20,5
DA:21,0
DA:22,0
DA:23,0
DA:27,5
DA:31,0
DA:32,0
DA:36,5
DA:37,3
DA:38,3
DA:39,3
DA:40,3
DA:41,3
DA:46,5
DA:48,0
DA:49,0
DA:50,0
DA:54,5
DA:56,0
DA:57,0
DA:58,0
DA:63,5
DA:65,4
DA:66,4
DA:67,4
DA:68,4
DA:72,5
DA:82,4
DA:83,4
DA:87,5
DA:98,4
DA:99,4
DA:103,5
DA:115,4
DA:116,4
DA:120,5
DA:133,4
DA:134,4
DA:138,5
DA:151,0
DA:152,0
DA:174,5
DA:175,14
DA:176,14
DA:177,14
DA:178,14
DA:183,5
DA:193,7
DA:194,7
DA:199,5
DA:201,14
DA:202,14
DA:203,14
DA:207,5
DA:209,7
DA:210,7
DA:211,7
DA:216,5
DA:218,0
DA:219,0
DA:223,5
DA:227,0
DA:228,0
DA:232,5
DA:234,0
DA:235,0
DA:240,5
DA:242,0
DA:243,0
DA:248,5
DA:249,0
DA:253,5
DA:255,0
DA:256,0
DA:257,0
DA:262,5
DA:264,0
DA:265,0
DA:266,0
DA:275,5
DA:277,0
DA:278,0
DA:279,0
DA:280,0
DA:281,0
DA:286,5
DA:299,0
DA:301,0
DA:302,0
DA:306,5
DA:319,0
DA:320,0
DA:337,5
DA:338,5
DA:339,5
DA:340,5
DA:341,5
DA:344,5
DA:346,0
DA:347,0
DA:348,0
DA:349,0
DA:354,5
DA:363,0
DA:364,0
DA:369,5
DA:370,1
DA:371,1
DA:375,5
DA:377,0
DA:378,0
DA:382,5
DA:389,0
DA:390,0
DA:394,5
DA:395,5
DA:396,5
DA:397,5
DA:400,5
DA:402,0
DA:403,0
DA:404,0
DA:409,5
DA:411,0
DA:412,0
DA:413,0
DA:417,5
DA:424,0
DA:426,0
DA:433,5
DA:435,0
DA:436,0
DA:437,0
DA:438,0
DA:439,0
DA:440,0
DA:445,5
DA:457,0
DA:458,0
DA:462,5
DA:464,0
DA:465,0
DA:466,0
DA:467,0
DA:468,0
DA:473,5
DA:484,0
DA:485,0
LF:156
LH:82
BRDA:96,0,0,0
BRDA:112,1,0,0
BRDA:130,2,0,0
BRDA:147,3,0,0
BRDA:337,4,0,5
BRDA:337,4,1,5
BRDA:394,5,0,5
BRDA:394,5,1,5
BRF:8
BRH:4
end_of_record
TN:
SF:db\iocTypes\index.ts
FNF:0
FNH:0
DA:1,5
LF:1
LH:1
BRF:0
BRH:0
end_of_record
TN:
SF:db\mongoose\models.ts
FNF:0
FNH:0
DA:1,5
DA:3,5
DA:14,5
DA:16,5
DA:18,5
DA:20,5
DA:22,5
DA:24,5
DA:26,5
DA:28,5
LF:10
LH:10
BRF:0
BRH:0
end_of_record
TN:
SF:db\mongoose\schemas.ts
FNF:0
FNH:0
DA:1,5
DA:2,5
DA:27,5
DA:46,5
DA:52,5
DA:62,5
DA:71,5
DA:78,5
DA:83,5
DA:92,5
LF:10
LH:10
BRF:0
BRH:0
end_of_record
TN:
SF:domain\auth-helper-service.ts
FN:5,(anonymous_9)
FN:6,(anonymous_10)
FN:6,(anonymous_11)
FN:11,(anonymous_12)
FN:11,(anonymous_13)
FNF:5
FNH:5
FNDA:4,(anonymous_9)
FNDA:7,(anonymous_10)
FNDA:7,(anonymous_11)
FNDA:3,(anonymous_12)
FNDA:3,(anonymous_13)
DA:1,4
DA:2,4
DA:5,4
DA:6,7
DA:7,7
DA:8,7
DA:11,4
DA:12,3
DA:13,3
LF:9
LH:9
BRDA:6,0,0,7
BRF:1
BRH:1
end_of_record
TN:
SF:domain\auth-services.ts
FN:15,(anonymous_11)
FN:24,(anonymous_12)
FN:41,(anonymous_14)
FN:58,(anonymous_16)
FN:85,(anonymous_18)
FNF:5
FNH:5
FNDA:2,(anonymous_11)
FNDA:3,(anonymous_12)
FNDA:2,(anonymous_14)
FNDA:4,(anonymous_16)
FNDA:2,(anonymous_18)
DA:1,1
DA:2,1
DA:3,1
DA:4,1
DA:5,1
DA:6,1
DA:7,1
DA:8,1
DA:9,1
DA:10,1
DA:11,1
DA:14,1
DA:16,2
DA:17,2
DA:18,2
DA:19,2
DA:20,2
DA:25,3
DA:26,3
DA:27,2
DA:28,2
DA:29,2
DA:34,2
DA:35,2
DA:38,1
DA:42,2
DA:43,2
DA:44,2
DA:46,2
DA:49,2
DA:51,1
DA:54,1
DA:59,4
DA:61,4
DA:62,3
DA:63,3
DA:65,3
DA:70,3
DA:72,3
DA:73,2
DA:74,1
DA:76,1
DA:79,1
DA:82,1
DA:86,2
DA:87,2
DA:88,1
DA:90,1
LF:48
LH:48
BRDA:26,0,0,2
BRDA:28,1,0,2
BRDA:61,2,0,3
BRDA:72,3,0,2
BRDA:72,3,1,1
BRDA:87,4,0,1
BRF:6
BRH:6
end_of_record
TN:
SF:domain\bloggers-services.ts
FN:15,(anonymous_11)
FN:20,(anonymous_12)
FN:46,(anonymous_14)
FN:56,(anonymous_16)
FN:60,(anonymous_18)
FN:64,(anonymous_20)
FNF:6
FNH:6
FNDA:3,(anonymous_11)
FNDA:2,(anonymous_12)
FNDA:3,(anonymous_14)
FNDA:1,(anonymous_16)
FNDA:2,(anonymous_18)
FNDA:2,(anonymous_20)
DA:1,3
DA:2,3
DA:8,3
DA:9,3
DA:10,3
DA:11,3
DA:14,3
DA:16,3
DA:23,2
DA:25,2
DA:26,2
DA:28,2
DA:32,2
DA:34,2
DA:42,2
DA:48,3
DA:53,3
DA:57,1
DA:61,2
DA:65,2
LF:20
LH:20
BRF:0
BRH:0
end_of_record
TN:
SF:domain\commentLikes-service.ts
FN:10,(anonymous_11)
FN:15,(anonymous_12)
FN:39,(anonymous_14)
FN:43,(anonymous_16)
FNF:4
FNH:4
FNDA:1,(anonymous_11)
FNDA:2,(anonymous_12)
FNDA:2,(anonymous_14)
FNDA:4,(anonymous_16)
DA:1,1
DA:2,1
DA:3,1
DA:4,1
DA:5,1
DA:6,1
DA:9,1
DA:11,1
DA:17,2
DA:18,2
DA:19,2
DA:21,2
DA:22,2
DA:23,0
DA:28,2
DA:36,2
DA:40,2
DA:44,4
LF:18
LH:17
BRDA:17,0,0,1
BRDA:17,0,1,1
BRDA:18,1,0,1
BRDA:18,1,1,1
BRDA:21,2,0,2
BRDA:21,2,1,1
BRDA:21,3,0,1
BRDA:21,3,1,1
BRDA:21,4,0,2
BRDA:21,4,1,1
BRDA:22,5,0,0
BRDA:22,5,1,2
BRF:12
BRH:11
end_of_record
TN:
SF:domain\comments-services.ts
FN:21,(anonymous_11)
FN:26,(anonymous_12)
FN:37,(anonymous_14)
FN:40,(anonymous_15)
FN:53,(anonymous_16)
FN:69,(anonymous_18)
FN:77,(anonymous_20)
FN:81,(anonymous_22)
FN:85,(anonymous_24)
FNF:9
FNH:9
FNDA:1,(anonymous_11)
FNDA:2,(anonymous_12)
FNDA:2,(anonymous_14)
FNDA:2,(anonymous_15)
FNDA:1,(anonymous_16)
FNDA:2,(anonymous_18)
FNDA:2,(anonymous_20)
FNDA:2,(anonymous_22)
FNDA:2,(anonymous_24)
DA:1,1
DA:2,1
DA:12,1
DA:13,1
DA:14,1
DA:15,1
DA:16,1
DA:17,1
DA:20,1
DA:22,1
DA:23,1
DA:27,2
DA:29,2
DA:30,2
DA:32,2
DA:35,2
DA:37,2
DA:38,2
DA:40,2
DA:42,2
DA:49,2
DA:54,1
DA:62,1
DA:63,1
DA:64,1
DA:66,1
DA:70,2
DA:71,2
DA:72,1
DA:73,1
DA:74,1
DA:78,2
DA:82,2
DA:87,2
LF:34
LH:34
BRDA:26,0,0,1
BRDA:69,1,0,1
BRDA:71,2,0,1
BRDA:87,3,0,2
BRDA:87,3,1,1
BRF:5
BRH:5
end_of_record
TN:
SF:domain\postLikes-service.ts
FN:10,(anonymous_11)
FN:14,(anonymous_12)
FN:40,(anonymous_14)
FN:44,(anonymous_16)
FNF:4
FNH:4
FNDA:2,(anonymous_11)
FNDA:2,(anonymous_12)
FNDA:2,(anonymous_14)
FNDA:7,(anonymous_16)
DA:1,2
DA:2,2
DA:3,2
DA:4,2
DA:5,2
DA:6,2
DA:9,2
DA:11,2
DA:15,2
DA:16,2
DA:17,2
DA:18,2
DA:20,2
DA:21,2
DA:22,0
DA:27,2
DA:36,2
DA:41,2
DA:45,7
LF:19
LH:18
BRDA:15,0,0,1
BRDA:15,0,1,1
BRDA:16,1,0,1
BRDA:16,1,1,1
BRDA:17,2,0,1
BRDA:17,2,1,1
BRDA:20,3,0,2
BRDA:20,3,1,1
BRDA:20,4,0,1
BRDA:20,4,1,1
BRDA:20,5,0,2
BRDA:20,5,1,1
BRDA:21,6,0,0
BRDA:21,6,1,2
BRF:14
BRH:13
end_of_record
TN:
SF:domain\posts-services.ts
FN:24,(anonymous_11)
FN:29,(anonymous_12)
FN:47,(anonymous_14)
FN:60,(anonymous_16)
FN:63,(anonymous_17)
FN:75,(anonymous_18)
FN:83,(anonymous_20)
FN:90,(anonymous_22)
FN:94,(anonymous_24)
FNF:9
FNH:9
FNDA:2,(anonymous_11)
FNDA:4,(anonymous_12)
FNDA:2,(anonymous_14)
FNDA:4,(anonymous_16)
FNDA:4,(anonymous_17)
FNDA:2,(anonymous_18)
FNDA:3,(anonymous_20)
FNDA:2,(anonymous_22)
FNDA:2,(anonymous_24)
DA:1,2
DA:13,2
DA:15,2
DA:16,2
DA:17,2
DA:18,2
DA:19,2
DA:20,2
DA:23,2
DA:25,2
DA:26,2
DA:27,2
DA:30,4
DA:31,4
DA:33,4
DA:41,4
DA:42,4
DA:43,4
DA:44,4
DA:50,2
DA:52,2
DA:53,2
DA:55,2
DA:58,2
DA:60,4
DA:61,2
DA:63,4
DA:65,2
DA:72,2
DA:76,2
DA:77,2
DA:78,1
DA:79,1
DA:80,1
DA:84,3
DA:85,3
DA:86,3
DA:87,3
DA:91,2
DA:96,2
LF:40
LH:40
BRDA:29,0,0,2
BRDA:38,1,0,3
BRDA:38,1,1,1
BRDA:47,2,0,1
BRDA:75,3,0,1
BRDA:77,4,0,1
BRDA:85,5,0,2
BRDA:85,5,1,1
BRDA:96,6,0,2
BRDA:96,6,1,1
BRF:10
BRH:10
end_of_record
TN:
SF:domain\users-service.ts
FN:22,(anonymous_11)
FN:27,(anonymous_12)
FN:35,(anonymous_14)
FN:50,(anonymous_15)
FN:54,(anonymous_17)
FN:60,(anonymous_19)
FN:64,(anonymous_21)
FN:68,(anonymous_23)
FN:79,(anonymous_25)
FN:84,(anonymous_27)
FN:89,(anonymous_29)
FN:93,(anonymous_31)
FNF:12
FNH:12
FNDA:4,(anonymous_11)
FNDA:1,(anonymous_12)
FNDA:1,(anonymous_14)
FNDA:1,(anonymous_15)
FNDA:5,(anonymous_17)
FNDA:3,(anonymous_19)
FNDA:1,(anonymous_21)
FNDA:2,(anonymous_23)
FNDA:2,(anonymous_25)
FNDA:1,(anonymous_27)
FNDA:6,(anonymous_29)
FNDA:1,(anonymous_31)
DA:1,4
DA:2,4
DA:13,4
DA:14,4
DA:15,4
DA:16,4
DA:17,4
DA:21,4
DA:23,4
DA:24,4
DA:29,1
DA:31,1
DA:33,1
DA:35,1
DA:36,1
DA:39,1
DA:47,1
DA:51,1
DA:55,5
DA:57,5
DA:61,3
DA:65,1
DA:69,2
DA:70,2
DA:71,1
DA:72,1
DA:73,1
DA:76,1
DA:80,2
DA:85,1
DA:86,1
DA:90,6
DA:94,1
LF:33
LH:33
BRDA:54,0,0,5
BRDA:70,1,0,1
BRDA:72,2,0,1
BRF:3
BRH:3
end_of_record
TN:
SF:helpers\constants.ts
FNF:0
FNH:0
DA:2,5
DA:3,5
LF:2
LH:2
BRF:0
BRH:0
end_of_record
TN:
SF:helpers\likes\likesHelper.ts
FN:20,(anonymous_1)
FN:23,(anonymous_2)
FN:24,(anonymous_3)
FN:26,(anonymous_4)
FN:36,(anonymous_5)
FN:39,(anonymous_6)
FN:43,(anonymous_7)
FN:44,(anonymous_8)
FN:47,(anonymous_9)
FN:48,(anonymous_10)
FN:51,(anonymous_11)
FN:69,(anonymous_12)
FN:72,(anonymous_13)
FN:76,(anonymous_14)
FN:77,(anonymous_15)
FN:80,(anonymous_16)
FN:81,(anonymous_17)
FN:84,(anonymous_18)
FNF:18
FNH:9
FNDA:9,(anonymous_1)
FNDA:0,(anonymous_2)
FNDA:0,(anonymous_3)
FNDA:0,(anonymous_4)
FNDA:9,(anonymous_5)
FNDA:0,(anonymous_6)
FNDA:9,(anonymous_7)
FNDA:0,(anonymous_8)
FNDA:9,(anonymous_9)
FNDA:0,(anonymous_10)
FNDA:9,(anonymous_11)
FNDA:4,(anonymous_12)
FNDA:0,(anonymous_13)
FNDA:4,(anonymous_14)
FNDA:0,(anonymous_15)
FNDA:4,(anonymous_16)
FNDA:0,(anonymous_17)
FNDA:4,(anonymous_18)
DA:1,2
DA:3,2
DA:13,2
DA:20,2
DA:23,9
DA:24,0
DA:27,0
DA:33,9
DA:36,2
DA:39,9
DA:40,9
DA:41,9
DA:43,2
DA:44,9
DA:45,9
DA:47,2
DA:48,9
DA:49,9
DA:51,2
DA:52,9
DA:53,9
DA:54,9
DA:55,9
DA:57,9
DA:63,9
DA:69,2
DA:72,4
DA:73,4
DA:74,4
DA:76,2
DA:77,4
DA:78,4
DA:80,2
DA:81,4
DA:82,4
DA:84,2
DA:85,4
DA:86,4
DA:87,4
DA:89,4
DA:94,4
LF:41
LH:39
BRDA:23,0,0,0
BRDA:23,0,1,0
BRDA:23,0,2,0
BRDA:39,1,0,0
BRDA:39,1,1,0
BRDA:40,2,0,0
BRDA:40,2,1,9
BRDA:44,3,0,0
BRDA:44,3,1,0
BRDA:48,4,0,0
BRDA:48,4,1,0
BRDA:69,5,0,0
BRDA:72,6,0,0
BRDA:72,6,1,0
BRDA:73,7,0,0
BRDA:73,7,1,4
BRDA:77,8,0,0
BRDA:77,8,1,0
BRDA:81,9,0,0
BRDA:81,9,1,0
BRF:20
BRH:2
end_of_record
TN:
SF:helpers\user\userServiceHelper.ts
FN:5,(anonymous_7)
FN:8,(anonymous_8)
FNF:2
FNH:2
FNDA:7,(anonymous_7)
FNDA:7,(anonymous_8)
DA:1,4
DA:2,4
DA:5,4
DA:8,7
DA:10,7
DA:12,7
DA:14,7
DA:15,7
DA:16,7
LF:9
LH:9
BRF:0
BRH:0
end_of_record
TN:
SF:repositories\bloggers-repository.ts
FN:11,(anonymous_12)
FN:15,(anonymous_13)
FN:32,(anonymous_15)
FN:39,(anonymous_17)
FN:43,(anonymous_19)
FN:52,(anonymous_21)
FNF:6
FNH:6
FNDA:3,(anonymous_12)
FNDA:2,(anonymous_13)
FNDA:3,(anonymous_15)
FNDA:8,(anonymous_17)
FNDA:2,(anonymous_19)
FNDA:2,(anonymous_21)
DA:1,3
DA:3,3
DA:4,3
DA:5,3
DA:6,3
DA:7,3
DA:10,3
DA:12,3
DA:18,2
DA:19,2
DA:22,2
DA:23,2
DA:29,2
DA:33,3
DA:34,3
DA:35,3
DA:36,3
DA:40,8
DA:45,2
DA:46,2
DA:47,1
DA:49,1
DA:53,2
DA:54,2
DA:56,1
LF:25
LH:25
BRDA:19,0,0,1
BRDA:19,0,1,1
BRDA:46,1,0,1
BRDA:54,2,0,1
BRF:4
BRH:4
end_of_record
TN:
SF:repositories\commentLikes-repository.ts
FN:11,(anonymous_12)
FN:16,(anonymous_13)
FN:26,(anonymous_15)
FN:31,(anonymous_17)
FNF:4
FNH:4
FNDA:1,(anonymous_12)
FNDA:2,(anonymous_13)
FNDA:2,(anonymous_15)
FNDA:4,(anonymous_17)
DA:1,1
DA:4,1
DA:5,1
DA:6,1
DA:7,1
DA:10,1
DA:12,1
DA:17,2
DA:18,2
DA:19,1
DA:20,2
DA:21,2
DA:23,0
DA:27,2
DA:28,2
DA:32,4
DA:33,4
LF:17
LH:16
BRDA:18,0,0,1
BRDA:20,1,0,2
BRF:2
BRH:2
end_of_record
TN:
SF:repositories\comments-repository.ts
FN:11,(anonymous_12)
FN:16,(anonymous_13)
FN:30,(anonymous_15)
FN:38,(anonymous_17)
FN:42,(anonymous_19)
FN:55,(anonymous_21)
FNF:6
FNH:6
FNDA:1,(anonymous_12)
FNDA:2,(anonymous_13)
FNDA:1,(anonymous_15)
FNDA:2,(anonymous_17)
FNDA:2,(anonymous_19)
FNDA:2,(anonymous_21)
DA:1,1
DA:3,1
DA:4,1
DA:5,1
DA:6,1
DA:7,1
DA:10,1
DA:12,1
DA:19,2
DA:21,2
DA:22,2
DA:27,2
DA:31,1
DA:32,1
DA:33,1
DA:35,1
DA:39,2
DA:43,2
DA:49,2
DA:50,1
DA:52,1
DA:56,2
DA:57,2
DA:58,1
LF:24
LH:24
BRDA:49,0,0,1
BRDA:49,1,0,2
BRDA:49,1,1,2
BRDA:49,1,2,1
BRDA:57,2,0,1
BRF:5
BRH:5
end_of_record
TN:
SF:repositories\postLikes-repository.ts
FN:11,(anonymous_12)
FN:15,(anonymous_13)
FN:25,(anonymous_15)
FN:30,(anonymous_17)
FNF:4
FNH:4
FNDA:2,(anonymous_12)
FNDA:2,(anonymous_13)
FNDA:2,(anonymous_15)
FNDA:7,(anonymous_17)
DA:1,2
DA:4,2
DA:5,2
DA:6,2
DA:7,2
DA:10,2
DA:12,2
DA:16,2
DA:17,2
DA:18,1
DA:19,2
DA:20,2
DA:22,0
DA:26,2
DA:27,2
DA:31,7
DA:32,7
LF:17
LH:16
BRDA:17,0,0,1
BRDA:19,1,0,2
BRF:2
BRH:2
end_of_record
TN:
SF:repositories\posts-repository.ts
FN:18,(anonymous_13)
FN:22,(anonymous_14)
FN:38,(anonymous_16)
FN:48,(anonymous_18)
FN:52,(anonymous_20)
FN:62,(anonymous_22)
FNF:6
FNH:6
FNDA:2,(anonymous_13)
FNDA:2,(anonymous_14)
FNDA:4,(anonymous_16)
FNDA:2,(anonymous_18)
FNDA:3,(anonymous_20)
FNDA:2,(anonymous_22)
DA:1,2
DA:2,2
DA:9,2
DA:10,2
DA:11,2
DA:12,2
DA:13,2
DA:14,2
DA:17,2
DA:19,2
DA:25,2
DA:27,2
DA:29,2
DA:31,2
DA:35,2
DA:39,4
DA:41,4
DA:43,4
DA:45,4
DA:49,2
DA:53,3
DA:55,3
DA:56,3
DA:57,2
DA:59,1
DA:63,2
DA:64,2
DA:65,1
LF:28
LH:28
BRDA:27,0,0,2
BRDA:27,0,1,0
BRDA:56,1,0,2
BRDA:56,2,0,3
BRDA:56,2,1,1
BRDA:56,2,2,0
BRDA:64,3,0,1
BRF:7
BRH:5
end_of_record
TN:
SF:repositories\users-repository.ts
FN:19,(anonymous_12)
FN:23,(anonymous_13)
FN:36,(anonymous_15)
FN:40,(anonymous_17)
FN:45,(anonymous_19)
FN:49,(anonymous_21)
FN:64,(anonymous_23)
FN:70,(anonymous_25)
FN:81,(anonymous_27)
FN:91,(anonymous_29)
FN:97,(anonymous_31)
FNF:11
FNH:11
FNDA:4,(anonymous_12)
FNDA:1,(anonymous_13)
FNDA:1,(anonymous_15)
FNDA:6,(anonymous_17)
FNDA:5,(anonymous_19)
FNDA:7,(anonymous_21)
FNDA:2,(anonymous_23)
FNDA:2,(anonymous_25)
FNDA:1,(anonymous_27)
FNDA:7,(anonymous_29)
FNDA:3,(anonymous_31)
DA:1,4
DA:2,4
DA:10,4
DA:11,4
DA:12,4
DA:13,4
DA:14,4
DA:18,4
DA:20,4
DA:25,1
DA:27,1
DA:33,1
DA:37,1
DA:41,6
DA:42,6
DA:46,5
DA:51,7
DA:59,7
DA:61,7
DA:65,2
DA:66,2
DA:67,1
DA:71,2
DA:77,2
DA:78,0
DA:82,1
DA:83,1
DA:84,1
DA:85,1
DA:86,1
DA:88,1
DA:92,7
DA:93,7
DA:94,1
DA:98,3
LF:35
LH:34
BRDA:66,0,0,1
BRDA:77,1,0,2
BRDA:85,2,0,1
BRDA:86,3,0,1
BRDA:93,4,0,6
BRF:5
BRH:5
end_of_record
